0 info it worked if it ends with ok
1 verbose cli [ 'C:\\Program Files\\nodejs\\node.exe',
1 verbose cli   'C:\\Program Files\\nodejs\\node_modules\\npm\\bin\\npm-cli.js',
1 verbose cli   'install' ]
2 info using npm@3.10.10
3 info using node@v6.9.4
4 silly loadCurrentTree Starting
5 silly install loadCurrentTree
6 silly install readLocalPackageData
7 silly install normalizeTree
8 silly loadCurrentTree Finishing
9 silly loadIdealTree Starting
10 silly install loadIdealTree
11 silly cloneCurrentTree Starting
12 silly install cloneCurrentTreeToIdealTree
13 silly cloneCurrentTree Finishing
14 silly loadShrinkwrap Starting
15 silly install loadShrinkwrap
16 silly loadShrinkwrap Finishing
17 silly loadAllDepsIntoIdealTree Starting
18 silly install loadAllDepsIntoIdealTree
19 silly fetchOtherPackageData fsevents@github:pipobscure/fsevents#7dcdf9fa3f8956610fd6f69f72c67bace2de7138
20 silly cache add args [ 'fsevents@github:pipobscure/fsevents#7dcdf9fa3f8956610fd6f69f72c67bace2de7138',
20 silly cache add   null ]
21 verbose cache add spec fsevents@github:pipobscure/fsevents#7dcdf9fa3f8956610fd6f69f72c67bace2de7138
22 silly cache add parsed spec Result {
22 silly cache add   raw: 'fsevents@github:pipobscure/fsevents#7dcdf9fa3f8956610fd6f69f72c67bace2de7138',
22 silly cache add   scope: null,
22 silly cache add   escapedName: 'fsevents',
22 silly cache add   name: 'fsevents',
22 silly cache add   rawSpec: 'github:pipobscure/fsevents#7dcdf9fa3f8956610fd6f69f72c67bace2de7138',
22 silly cache add   spec: 'github:pipobscure/fsevents#7dcdf9fa3f8956610fd6f69f72c67bace2de7138',
22 silly cache add   type: 'hosted',
22 silly cache add   hosted:
22 silly cache add    { type: 'github',
22 silly cache add      ssh: 'git@github.com:pipobscure/fsevents.git#7dcdf9fa3f8956610fd6f69f72c67bace2de7138',
22 silly cache add      sshUrl: 'git+ssh://git@github.com/pipobscure/fsevents.git#7dcdf9fa3f8956610fd6f69f72c67bace2de7138',
22 silly cache add      httpsUrl: 'git+https://github.com/pipobscure/fsevents.git#7dcdf9fa3f8956610fd6f69f72c67bace2de7138',
22 silly cache add      gitUrl: 'git://github.com/pipobscure/fsevents.git#7dcdf9fa3f8956610fd6f69f72c67bace2de7138',
22 silly cache add      shortcut: 'github:pipobscure/fsevents#7dcdf9fa3f8956610fd6f69f72c67bace2de7138',
22 silly cache add      directUrl: 'https://raw.githubusercontent.com/pipobscure/fsevents/7dcdf9fa3f8956610fd6f69f72c67bace2de7138/package.json' } }
23 verbose addRemoteGit caching github:pipobscure/fsevents#7dcdf9fa3f8956610fd6f69f72c67bace2de7138
24 verbose addRemoteGit pipobscure/fsevents#7dcdf9fa3f8956610fd6f69f72c67bace2de7138 is a repository hosted by github
25 silly tryGitProto attempting to clone git://github.com/pipobscure/fsevents.git#7dcdf9fa3f8956610fd6f69f72c67bace2de7138
26 silly tryClone cloning pipobscure/fsevents#7dcdf9fa3f8956610fd6f69f72c67bace2de7138 via git://github.com/pipobscure/fsevents.git#7dcdf9fa3f8956610fd6f69f72c67bace2de7138
27 verbose tryClone git-github-com-pipobscure-fsevents-git-7dcdf9fa3f8956610fd6f69f72c67bace2de7138-40e7e494 not in flight; caching
28 verbose correctMkdir C:\Users\Nikola\AppData\Roaming\npm-cache\_git-remotes correctMkdir not in flight; initializing
29 info git [ 'config', '--get', 'remote.origin.url' ]
30 silly validateExistingRemote pipobscure/fsevents#7dcdf9fa3f8956610fd6f69f72c67bace2de7138 remote.origin.url: git://github.com/pipobscure/fsevents.git
31 verbose validateExistingRemote pipobscure/fsevents#7dcdf9fa3f8956610fd6f69f72c67bace2de7138 is updating existing cached remote C:\Users\Nikola\AppData\Roaming\npm-cache\_git-remotes\git-github-com-pipobscure-fsevents-git-7dcdf9fa3f8956610fd6f69f72c67bace2de7138-40e7e494
32 info git [ 'fetch', '-a', 'origin' ]
33 verbose updateRemote git fetch -a origin (git://github.com/pipobscure/fsevents.git)
34 verbose setPermissions pipobscure/fsevents#7dcdf9fa3f8956610fd6f69f72c67bace2de7138 skipping chownr on Windows
35 verbose resolveHead pipobscure/fsevents#7dcdf9fa3f8956610fd6f69f72c67bace2de7138 original treeish: 7dcdf9fa3f8956610fd6f69f72c67bace2de7138
36 info git [ 'rev-list', '-n1', '7dcdf9fa3f8956610fd6f69f72c67bace2de7138' ]
37 silly resolveHead pipobscure/fsevents#7dcdf9fa3f8956610fd6f69f72c67bace2de7138 resolved treeish: 7dcdf9fa3f8956610fd6f69f72c67bace2de7138
38 verbose resolveHead pipobscure/fsevents#7dcdf9fa3f8956610fd6f69f72c67bace2de7138 resolved Git URL: git://github.com/pipobscure/fsevents.git#7dcdf9fa3f8956610fd6f69f72c67bace2de7138
39 silly resolveHead Git working directory: C:\Users\Nikola\AppData\Local\Temp\npm-5608-0cad79b1\git-cache-04c4564c\7dcdf9fa3f8956610fd6f69f72c67bace2de7138
40 info git [ 'clone',
40 info git   'C:\\Users\\Nikola\\AppData\\Roaming\\npm-cache\\_git-remotes\\git-github-com-pipobscure-fsevents-git-7dcdf9fa3f8956610fd6f69f72c67bace2de7138-40e7e494',
40 info git   'C:\\Users\\Nikola\\AppData\\Local\\Temp\\npm-5608-0cad79b1\\git-cache-04c4564c\\7dcdf9fa3f8956610fd6f69f72c67bace2de7138' ]
41 verbose cloneResolved pipobscure/fsevents#7dcdf9fa3f8956610fd6f69f72c67bace2de7138 clone Cloning into 'C:\Users\Nikola\AppData\Local\Temp\npm-5608-0cad79b1\git-cache-04c4564c\7dcdf9fa3f8956610fd6f69f72c67bace2de7138'...
41 verbose cloneResolved done.
42 info git [ 'checkout', '7dcdf9fa3f8956610fd6f69f72c67bace2de7138' ]
43 verbose checkoutTreeish pipobscure/fsevents#7dcdf9fa3f8956610fd6f69f72c67bace2de7138 checkout Note: checking out '7dcdf9fa3f8956610fd6f69f72c67bace2de7138'.
43 verbose checkoutTreeish
43 verbose checkoutTreeish You are in 'detached HEAD' state. You can look around, make experimental
43 verbose checkoutTreeish changes and commit them, and you can discard any commits you make in this
43 verbose checkoutTreeish state without impacting any branches by performing another checkout.
43 verbose checkoutTreeish
43 verbose checkoutTreeish If you want to create a new branch to retain commits you create, you may
43 verbose checkoutTreeish do so (now or later) by using -b with the checkout command again. Example:
43 verbose checkoutTreeish
43 verbose checkoutTreeish   git checkout -b <new-branch-name>
43 verbose checkoutTreeish
43 verbose checkoutTreeish HEAD is now at 7dcdf9f... Caught a timing problem
44 info git [ 'submodule', '-q', 'update', '--init', '--recursive' ]
45 verbose updateSubmodules pipobscure/fsevents#7dcdf9fa3f8956610fd6f69f72c67bace2de7138 submodule update
46 verbose addLocalDirectory C:\Users\Nikola\AppData\Roaming\npm-cache\fsevents\0.2.1\package.tgz not in flight; packing
47 verbose correctMkdir C:\Users\Nikola\AppData\Roaming\npm-cache correctMkdir not in flight; initializing
48 verbose tar pack [ 'C:\\Users\\Nikola\\AppData\\Roaming\\npm-cache\\fsevents\\0.2.1\\package.tgz',
48 verbose tar pack   'C:\\Users\\Nikola\\AppData\\Local\\Temp\\npm-5608-0cad79b1\\git-cache-04c4564c\\7dcdf9fa3f8956610fd6f69f72c67bace2de7138' ]
49 verbose tarball C:\Users\Nikola\AppData\Roaming\npm-cache\fsevents\0.2.1\package.tgz
50 verbose folder C:\Users\Nikola\AppData\Local\Temp\npm-5608-0cad79b1\git-cache-04c4564c\7dcdf9fa3f8956610fd6f69f72c67bace2de7138
51 verbose addLocalTarball adding from inside cache C:\Users\Nikola\AppData\Roaming\npm-cache\fsevents\0.2.1\package.tgz
52 verbose correctMkdir C:\Users\Nikola\AppData\Roaming\npm-cache correctMkdir not in flight; initializing
53 verbose addRemoteGit data._from: pipobscure/fsevents#7dcdf9fa3f8956610fd6f69f72c67bace2de7138
54 verbose addRemoteGit data._resolved: git://github.com/pipobscure/fsevents.git#7dcdf9fa3f8956610fd6f69f72c67bace2de7138
55 silly cache afterAdd fsevents@0.2.1
56 verbose afterAdd C:\Users\Nikola\AppData\Roaming\npm-cache\fsevents\0.2.1\package\package.json not in flight; writing
57 verbose correctMkdir C:\Users\Nikola\AppData\Roaming\npm-cache correctMkdir not in flight; initializing
58 verbose afterAdd C:\Users\Nikola\AppData\Roaming\npm-cache\fsevents\0.2.1\package\package.json written
59 silly resolveWithNewModule fsevents@0.2.1 checking installable status
60 silly fetchNamedPackageData bufferutil
61 silly mapToRegistry name bufferutil
62 silly mapToRegistry using default registry
63 silly mapToRegistry registry https://registry.npmjs.org/
64 silly mapToRegistry data Result {
64 silly mapToRegistry   raw: 'bufferutil',
64 silly mapToRegistry   scope: null,
64 silly mapToRegistry   escapedName: 'bufferutil',
64 silly mapToRegistry   name: 'bufferutil',
64 silly mapToRegistry   rawSpec: '',
64 silly mapToRegistry   spec: 'latest',
64 silly mapToRegistry   type: 'tag' }
65 silly mapToRegistry uri https://registry.npmjs.org/bufferutil
66 silly fetchNamedPackageData utf-8-validate
67 silly mapToRegistry name utf-8-validate
68 silly mapToRegistry using default registry
69 silly mapToRegistry registry https://registry.npmjs.org/
70 silly mapToRegistry data Result {
70 silly mapToRegistry   raw: 'utf-8-validate',
70 silly mapToRegistry   scope: null,
70 silly mapToRegistry   escapedName: 'utf-8-validate',
70 silly mapToRegistry   name: 'utf-8-validate',
70 silly mapToRegistry   rawSpec: '',
70 silly mapToRegistry   spec: 'latest',
70 silly mapToRegistry   type: 'tag' }
71 silly mapToRegistry uri https://registry.npmjs.org/utf-8-validate
72 verbose request uri https://registry.npmjs.org/bufferutil
73 verbose request no auth needed
74 info attempt registry request try #1 at 9:19:42 PM
75 verbose request id 6a50bd6d253e0fe9
76 verbose etag W/"589a0784-33a9"
77 verbose lastModified Tue, 07 Feb 2017 17:44:36 GMT
78 http request GET https://registry.npmjs.org/bufferutil
79 verbose request uri https://registry.npmjs.org/utf-8-validate
80 verbose request no auth needed
81 info attempt registry request try #1 at 9:19:42 PM
82 verbose etag W/"58987f4c-38a3"
83 verbose lastModified Mon, 06 Feb 2017 13:51:08 GMT
84 http request GET https://registry.npmjs.org/utf-8-validate
85 http 304 https://registry.npmjs.org/bufferutil
86 verbose headers { date: 'Tue, 07 Feb 2017 20:15:10 GMT',
86 verbose headers   via: '1.1 varnish',
86 verbose headers   'cache-control': 'max-age=300',
86 verbose headers   etag: 'W/"589a0784-33a9"',
86 verbose headers   age: '283',
86 verbose headers   connection: 'keep-alive',
86 verbose headers   'x-served-by': 'cache-fra1232-FRA',
86 verbose headers   'x-cache': 'HIT',
86 verbose headers   'x-cache-hits': '1',
86 verbose headers   'x-timer': 'S1486498510.810560,VS0,VE0',
86 verbose headers   vary: 'Accept-Encoding' }
87 silly get cb [ 304,
87 silly get   { date: 'Tue, 07 Feb 2017 20:15:10 GMT',
87 silly get     via: '1.1 varnish',
87 silly get     'cache-control': 'max-age=300',
87 silly get     etag: 'W/"589a0784-33a9"',
87 silly get     age: '283',
87 silly get     connection: 'keep-alive',
87 silly get     'x-served-by': 'cache-fra1232-FRA',
87 silly get     'x-cache': 'HIT',
87 silly get     'x-cache-hits': '1',
87 silly get     'x-timer': 'S1486498510.810560,VS0,VE0',
87 silly get     vary: 'Accept-Encoding' } ]
88 verbose etag https://registry.npmjs.org/bufferutil from cache
89 verbose get saving bufferutil to C:\Users\Nikola\AppData\Roaming\npm-cache\registry.npmjs.org\bufferutil\.cache.json
90 verbose correctMkdir C:\Users\Nikola\AppData\Roaming\npm-cache correctMkdir not in flight; initializing
91 http 304 https://registry.npmjs.org/utf-8-validate
92 verbose headers { date: 'Tue, 07 Feb 2017 20:15:10 GMT',
92 verbose headers   via: '1.1 varnish',
92 verbose headers   'cache-control': 'max-age=300',
92 verbose headers   etag: 'W/"58987f4c-38a3"',
92 verbose headers   age: '283',
92 verbose headers   connection: 'keep-alive',
92 verbose headers   'x-served-by': 'cache-fra1236-FRA',
92 verbose headers   'x-cache': 'HIT',
92 verbose headers   'x-cache-hits': '1',
92 verbose headers   'x-timer': 'S1486498510.815956,VS0,VE0',
92 verbose headers   vary: 'Accept-Encoding' }
93 silly get cb [ 304,
93 silly get   { date: 'Tue, 07 Feb 2017 20:15:10 GMT',
93 silly get     via: '1.1 varnish',
93 silly get     'cache-control': 'max-age=300',
93 silly get     etag: 'W/"58987f4c-38a3"',
93 silly get     age: '283',
93 silly get     connection: 'keep-alive',
93 silly get     'x-served-by': 'cache-fra1236-FRA',
93 silly get     'x-cache': 'HIT',
93 silly get     'x-cache-hits': '1',
93 silly get     'x-timer': 'S1486498510.815956,VS0,VE0',
93 silly get     vary: 'Accept-Encoding' } ]
94 verbose etag https://registry.npmjs.org/utf-8-validate from cache
95 verbose get saving utf-8-validate to C:\Users\Nikola\AppData\Roaming\npm-cache\registry.npmjs.org\utf-8-validate\.cache.json
96 verbose correctMkdir C:\Users\Nikola\AppData\Roaming\npm-cache correctMkdir not in flight; initializing
97 silly resolveWithNewModule bufferutil@1.2.1 checking installable status
98 silly cache add args [ 'bufferutil@1.2.x', null ]
99 verbose cache add spec bufferutil@1.2.x
100 silly cache add parsed spec Result {
100 silly cache add   raw: 'bufferutil@1.2.x',
100 silly cache add   scope: null,
100 silly cache add   escapedName: 'bufferutil',
100 silly cache add   name: 'bufferutil',
100 silly cache add   rawSpec: '1.2.x',
100 silly cache add   spec: '>=1.2.0 <1.3.0',
100 silly cache add   type: 'range' }
101 silly addNamed bufferutil@>=1.2.0 <1.3.0
102 verbose addNamed ">=1.2.0 <1.3.0" is a valid semver range for bufferutil
103 silly addNameRange { name: 'bufferutil', range: '>=1.2.0 <1.3.0', hasData: false }
104 silly mapToRegistry name bufferutil
105 silly mapToRegistry using default registry
106 silly mapToRegistry registry https://registry.npmjs.org/
107 silly mapToRegistry data Result {
107 silly mapToRegistry   raw: 'bufferutil',
107 silly mapToRegistry   scope: null,
107 silly mapToRegistry   escapedName: 'bufferutil',
107 silly mapToRegistry   name: 'bufferutil',
107 silly mapToRegistry   rawSpec: '',
107 silly mapToRegistry   spec: 'latest',
107 silly mapToRegistry   type: 'tag' }
108 silly mapToRegistry uri https://registry.npmjs.org/bufferutil
109 verbose addNameRange registry:https://registry.npmjs.org/bufferutil not in flight; fetching
110 silly resolveWithNewModule utf-8-validate@1.2.2 checking installable status
111 silly cache add args [ 'utf-8-validate@1.2.x', null ]
112 verbose cache add spec utf-8-validate@1.2.x
113 silly cache add parsed spec Result {
113 silly cache add   raw: 'utf-8-validate@1.2.x',
113 silly cache add   scope: null,
113 silly cache add   escapedName: 'utf-8-validate',
113 silly cache add   name: 'utf-8-validate',
113 silly cache add   rawSpec: '1.2.x',
113 silly cache add   spec: '>=1.2.0 <1.3.0',
113 silly cache add   type: 'range' }
114 silly addNamed utf-8-validate@>=1.2.0 <1.3.0
115 verbose addNamed ">=1.2.0 <1.3.0" is a valid semver range for utf-8-validate
116 silly addNameRange { name: 'utf-8-validate',
116 silly addNameRange   range: '>=1.2.0 <1.3.0',
116 silly addNameRange   hasData: false }
117 silly mapToRegistry name utf-8-validate
118 silly mapToRegistry using default registry
119 silly mapToRegistry registry https://registry.npmjs.org/
120 silly mapToRegistry data Result {
120 silly mapToRegistry   raw: 'utf-8-validate',
120 silly mapToRegistry   scope: null,
120 silly mapToRegistry   escapedName: 'utf-8-validate',
120 silly mapToRegistry   name: 'utf-8-validate',
120 silly mapToRegistry   rawSpec: '',
120 silly mapToRegistry   spec: 'latest',
120 silly mapToRegistry   type: 'tag' }
121 silly mapToRegistry uri https://registry.npmjs.org/utf-8-validate
122 verbose addNameRange registry:https://registry.npmjs.org/utf-8-validate not in flight; fetching
123 verbose get https://registry.npmjs.org/bufferutil not expired, no request
124 silly addNameRange number 2 { name: 'bufferutil', range: '>=1.2.0 <1.3.0', hasData: true }
125 silly addNameRange versions [ 'bufferutil',
125 silly addNameRange   [ '1.0.0',
125 silly addNameRange     '1.0.1',
125 silly addNameRange     '1.1.0',
125 silly addNameRange     '1.2.0',
125 silly addNameRange     '1.2.1',
125 silly addNameRange     '1.3.0',
125 silly addNameRange     '2.0.0',
125 silly addNameRange     '2.0.1' ] ]
126 silly addNamed bufferutil@1.2.1
127 verbose addNamed "1.2.1" is a plain semver version for bufferutil
128 verbose get https://registry.npmjs.org/utf-8-validate not expired, no request
129 silly addNameRange number 2 { name: 'utf-8-validate',
129 silly addNameRange   range: '>=1.2.0 <1.3.0',
129 silly addNameRange   hasData: true }
130 silly addNameRange versions [ 'utf-8-validate',
130 silly addNameRange   [ '1.0.0',
130 silly addNameRange     '1.0.1',
130 silly addNameRange     '1.1.0',
130 silly addNameRange     '1.2.0',
130 silly addNameRange     '1.2.1',
130 silly addNameRange     '1.2.2',
130 silly addNameRange     '2.0.0',
130 silly addNameRange     '3.0.0',
130 silly addNameRange     '3.0.1' ] ]
131 silly addNamed utf-8-validate@1.2.2
132 verbose addNamed "1.2.2" is a plain semver version for utf-8-validate
133 silly cache afterAdd bufferutil@1.2.1
134 verbose afterAdd C:\Users\Nikola\AppData\Roaming\npm-cache\bufferutil\1.2.1\package\package.json not in flight; writing
135 verbose correctMkdir C:\Users\Nikola\AppData\Roaming\npm-cache correctMkdir not in flight; initializing
136 silly cache afterAdd utf-8-validate@1.2.2
137 verbose afterAdd C:\Users\Nikola\AppData\Roaming\npm-cache\utf-8-validate\1.2.2\package\package.json not in flight; writing
138 verbose correctMkdir C:\Users\Nikola\AppData\Roaming\npm-cache correctMkdir not in flight; initializing
139 verbose afterAdd C:\Users\Nikola\AppData\Roaming\npm-cache\bufferutil\1.2.1\package\package.json written
140 verbose afterAdd C:\Users\Nikola\AppData\Roaming\npm-cache\utf-8-validate\1.2.2\package\package.json written
141 silly fetchNamedPackageData bindings
142 silly mapToRegistry name bindings
143 silly mapToRegistry using default registry
144 silly mapToRegistry registry https://registry.npmjs.org/
145 silly mapToRegistry data Result {
145 silly mapToRegistry   raw: 'bindings',
145 silly mapToRegistry   scope: null,
145 silly mapToRegistry   escapedName: 'bindings',
145 silly mapToRegistry   name: 'bindings',
145 silly mapToRegistry   rawSpec: '',
145 silly mapToRegistry   spec: 'latest',
145 silly mapToRegistry   type: 'tag' }
146 silly mapToRegistry uri https://registry.npmjs.org/bindings
147 silly fetchNamedPackageData nan
148 silly mapToRegistry name nan
149 silly mapToRegistry using default registry
150 silly mapToRegistry registry https://registry.npmjs.org/
151 silly mapToRegistry data Result {
151 silly mapToRegistry   raw: 'nan',
151 silly mapToRegistry   scope: null,
151 silly mapToRegistry   escapedName: 'nan',
151 silly mapToRegistry   name: 'nan',
151 silly mapToRegistry   rawSpec: '',
151 silly mapToRegistry   spec: 'latest',
151 silly mapToRegistry   type: 'tag' }
152 silly mapToRegistry uri https://registry.npmjs.org/nan
153 verbose request uri https://registry.npmjs.org/bindings
154 verbose request no auth needed
155 info attempt registry request try #1 at 9:19:43 PM
156 verbose etag W/"580645d3-46f7"
157 verbose lastModified Tue, 18 Oct 2016 15:54:59 GMT
158 http request GET https://registry.npmjs.org/bindings
159 verbose request uri https://registry.npmjs.org/nan
160 verbose request no auth needed
161 info attempt registry request try #1 at 9:19:43 PM
162 verbose etag W/"588531dd-1df56"
163 verbose lastModified Sun, 22 Jan 2017 22:27:41 GMT
164 http request GET https://registry.npmjs.org/nan
165 http 304 https://registry.npmjs.org/bindings
166 verbose headers { date: 'Tue, 07 Feb 2017 20:15:10 GMT',
166 verbose headers   via: '1.1 varnish',
166 verbose headers   'cache-control': 'max-age=300',
166 verbose headers   etag: 'W/"580645d3-46f7"',
166 verbose headers   age: '298',
166 verbose headers   connection: 'keep-alive',
166 verbose headers   'x-served-by': 'cache-fra1232-FRA',
166 verbose headers   'x-cache': 'HIT',
166 verbose headers   'x-cache-hits': '4',
166 verbose headers   'x-timer': 'S1486498510.885515,VS0,VE0',
166 verbose headers   vary: 'Accept-Encoding' }
167 silly get cb [ 304,
167 silly get   { date: 'Tue, 07 Feb 2017 20:15:10 GMT',
167 silly get     via: '1.1 varnish',
167 silly get     'cache-control': 'max-age=300',
167 silly get     etag: 'W/"580645d3-46f7"',
167 silly get     age: '298',
167 silly get     connection: 'keep-alive',
167 silly get     'x-served-by': 'cache-fra1232-FRA',
167 silly get     'x-cache': 'HIT',
167 silly get     'x-cache-hits': '4',
167 silly get     'x-timer': 'S1486498510.885515,VS0,VE0',
167 silly get     vary: 'Accept-Encoding' } ]
168 verbose etag https://registry.npmjs.org/bindings from cache
169 verbose get saving bindings to C:\Users\Nikola\AppData\Roaming\npm-cache\registry.npmjs.org\bindings\.cache.json
170 verbose correctMkdir C:\Users\Nikola\AppData\Roaming\npm-cache correctMkdir not in flight; initializing
171 http 304 https://registry.npmjs.org/nan
172 verbose headers { date: 'Tue, 07 Feb 2017 20:15:10 GMT',
172 verbose headers   via: '1.1 varnish',
172 verbose headers   'cache-control': 'max-age=300',
172 verbose headers   etag: 'W/"588531dd-1df56"',
172 verbose headers   age: '20',
172 verbose headers   connection: 'keep-alive',
172 verbose headers   'x-served-by': 'cache-fra1236-FRA',
172 verbose headers   'x-cache': 'HIT',
172 verbose headers   'x-cache-hits': '1',
172 verbose headers   'x-timer': 'S1486498510.890555,VS0,VE0',
172 verbose headers   vary: 'Accept-Encoding' }
173 silly get cb [ 304,
173 silly get   { date: 'Tue, 07 Feb 2017 20:15:10 GMT',
173 silly get     via: '1.1 varnish',
173 silly get     'cache-control': 'max-age=300',
173 silly get     etag: 'W/"588531dd-1df56"',
173 silly get     age: '20',
173 silly get     connection: 'keep-alive',
173 silly get     'x-served-by': 'cache-fra1236-FRA',
173 silly get     'x-cache': 'HIT',
173 silly get     'x-cache-hits': '1',
173 silly get     'x-timer': 'S1486498510.890555,VS0,VE0',
173 silly get     vary: 'Accept-Encoding' } ]
174 verbose etag https://registry.npmjs.org/nan from cache
175 verbose get saving nan to C:\Users\Nikola\AppData\Roaming\npm-cache\registry.npmjs.org\nan\.cache.json
176 verbose correctMkdir C:\Users\Nikola\AppData\Roaming\npm-cache correctMkdir not in flight; initializing
177 silly resolveWithNewModule bindings@1.2.1 checking installable status
178 silly cache add args [ 'bindings@1.2.x', null ]
179 verbose cache add spec bindings@1.2.x
180 silly cache add parsed spec Result {
180 silly cache add   raw: 'bindings@1.2.x',
180 silly cache add   scope: null,
180 silly cache add   escapedName: 'bindings',
180 silly cache add   name: 'bindings',
180 silly cache add   rawSpec: '1.2.x',
180 silly cache add   spec: '>=1.2.0 <1.3.0',
180 silly cache add   type: 'range' }
181 silly addNamed bindings@>=1.2.0 <1.3.0
182 verbose addNamed ">=1.2.0 <1.3.0" is a valid semver range for bindings
183 silly addNameRange { name: 'bindings', range: '>=1.2.0 <1.3.0', hasData: false }
184 silly mapToRegistry name bindings
185 silly mapToRegistry using default registry
186 silly mapToRegistry registry https://registry.npmjs.org/
187 silly mapToRegistry data Result {
187 silly mapToRegistry   raw: 'bindings',
187 silly mapToRegistry   scope: null,
187 silly mapToRegistry   escapedName: 'bindings',
187 silly mapToRegistry   name: 'bindings',
187 silly mapToRegistry   rawSpec: '',
187 silly mapToRegistry   spec: 'latest',
187 silly mapToRegistry   type: 'tag' }
188 silly mapToRegistry uri https://registry.npmjs.org/bindings
189 verbose addNameRange registry:https://registry.npmjs.org/bindings not in flight; fetching
190 verbose get https://registry.npmjs.org/bindings not expired, no request
191 silly addNameRange number 2 { name: 'bindings', range: '>=1.2.0 <1.3.0', hasData: true }
192 silly addNameRange versions [ 'bindings',
192 silly addNameRange   [ '0.0.1',
192 silly addNameRange     '0.1.0',
192 silly addNameRange     '0.1.1',
192 silly addNameRange     '0.2.0',
192 silly addNameRange     '0.2.1',
192 silly addNameRange     '0.2.2',
192 silly addNameRange     '0.2.3',
192 silly addNameRange     '0.2.4',
192 silly addNameRange     '0.3.0',
192 silly addNameRange     '0.4.0',
192 silly addNameRange     '1.0.0',
192 silly addNameRange     '1.1.0',
192 silly addNameRange     '1.1.1',
192 silly addNameRange     '1.2.0',
192 silly addNameRange     '1.2.1' ] ]
193 silly addNamed bindings@1.2.1
194 verbose addNamed "1.2.1" is a plain semver version for bindings
195 silly cache afterAdd bindings@1.2.1
196 verbose afterAdd C:\Users\Nikola\AppData\Roaming\npm-cache\bindings\1.2.1\package\package.json not in flight; writing
197 verbose correctMkdir C:\Users\Nikola\AppData\Roaming\npm-cache correctMkdir not in flight; initializing
198 verbose afterAdd C:\Users\Nikola\AppData\Roaming\npm-cache\bindings\1.2.1\package\package.json written
199 silly resolveWithNewModule nan@2.5.1 checking installable status
200 silly cache add args [ 'nan@^2.0.5', null ]
201 verbose cache add spec nan@^2.0.5
202 silly cache add parsed spec Result {
202 silly cache add   raw: 'nan@^2.0.5',
202 silly cache add   scope: null,
202 silly cache add   escapedName: 'nan',
202 silly cache add   name: 'nan',
202 silly cache add   rawSpec: '^2.0.5',
202 silly cache add   spec: '>=2.0.5 <3.0.0',
202 silly cache add   type: 'range' }
203 silly addNamed nan@>=2.0.5 <3.0.0
204 verbose addNamed ">=2.0.5 <3.0.0" is a valid semver range for nan
205 silly addNameRange { name: 'nan', range: '>=2.0.5 <3.0.0', hasData: false }
206 silly mapToRegistry name nan
207 silly mapToRegistry using default registry
208 silly mapToRegistry registry https://registry.npmjs.org/
209 silly mapToRegistry data Result {
209 silly mapToRegistry   raw: 'nan',
209 silly mapToRegistry   scope: null,
209 silly mapToRegistry   escapedName: 'nan',
209 silly mapToRegistry   name: 'nan',
209 silly mapToRegistry   rawSpec: '',
209 silly mapToRegistry   spec: 'latest',
209 silly mapToRegistry   type: 'tag' }
210 silly mapToRegistry uri https://registry.npmjs.org/nan
211 verbose addNameRange registry:https://registry.npmjs.org/nan not in flight; fetching
212 verbose get https://registry.npmjs.org/nan not expired, no request
213 silly addNameRange number 2 { name: 'nan', range: '>=2.0.5 <3.0.0', hasData: true }
214 silly addNameRange versions [ 'nan',
214 silly addNameRange   [ '0.3.0-wip',
214 silly addNameRange     '0.3.0-wip2',
214 silly addNameRange     '0.3.0',
214 silly addNameRange     '0.3.1',
214 silly addNameRange     '0.3.2',
214 silly addNameRange     '0.4.0',
214 silly addNameRange     '0.4.1',
214 silly addNameRange     '0.4.2',
214 silly addNameRange     '0.4.3',
214 silly addNameRange     '0.4.4',
214 silly addNameRange     '0.5.0',
214 silly addNameRange     '0.5.1',
214 silly addNameRange     '0.5.2',
214 silly addNameRange     '0.6.0',
214 silly addNameRange     '0.7.0',
214 silly addNameRange     '0.7.1',
214 silly addNameRange     '0.8.0',
214 silly addNameRange     '1.0.0',
214 silly addNameRange     '1.1.0',
214 silly addNameRange     '1.1.1',
214 silly addNameRange     '1.1.2',
214 silly addNameRange     '1.2.0',
214 silly addNameRange     '1.3.0',
214 silly addNameRange     '1.4.0',
214 silly addNameRange     '1.4.1',
214 silly addNameRange     '1.5.0',
214 silly addNameRange     '1.4.2',
214 silly addNameRange     '1.4.3',
214 silly addNameRange     '1.5.1',
214 silly addNameRange     '1.5.2',
214 silly addNameRange     '1.6.0',
214 silly addNameRange     '1.5.3',
214 silly addNameRange     '1.6.1',
214 silly addNameRange     '1.6.2',
214 silly addNameRange     '1.7.0',
214 silly addNameRange     '1.8.0',
214 silly addNameRange     '1.8.1',
214 silly addNameRange     '1.8.2',
214 silly addNameRange     '1.8.3',
214 silly addNameRange     '1.8.4',
214 silly addNameRange     '1.9.0',
214 silly addNameRange     '2.0.0',
214 silly addNameRange     '2.0.1',
214 silly addNameRange     '2.0.2',
214 silly addNameRange     '2.0.3',
214 silly addNameRange     '2.0.4',
214 silly addNameRange     '2.0.5',
214 silly addNameRange     '2.0.6',
214 silly addNameRange     '2.0.7',
214 silly addNameRange     '2.0.8',
214 silly addNameRange     '2.0.9',
214 silly addNameRange     '2.1.0',
214 silly addNameRange     '2.2.0',
214 silly addNameRange     '2.2.1',
214 silly addNameRange     '2.3.0',
214 silly addNameRange     '2.3.1',
214 silly addNameRange     '2.3.2',
214 silly addNameRange     '2.3.3',
214 silly addNameRange     '2.3.4',
214 silly addNameRange     '2.3.5',
214 silly addNameRange     '2.4.0',
214 silly addNameRange     '2.5.0',
214 silly addNameRange     '2.5.1' ] ]
215 silly addNamed nan@2.5.1
216 verbose addNamed "2.5.1" is a plain semver version for nan
217 silly cache afterAdd nan@2.5.1
218 verbose afterAdd C:\Users\Nikola\AppData\Roaming\npm-cache\nan\2.5.1\package\package.json not in flight; writing
219 verbose correctMkdir C:\Users\Nikola\AppData\Roaming\npm-cache correctMkdir not in flight; initializing
220 verbose afterAdd C:\Users\Nikola\AppData\Roaming\npm-cache\nan\2.5.1\package\package.json written
221 silly fetchNamedPackageData nan
222 silly mapToRegistry name nan
223 silly mapToRegistry using default registry
224 silly mapToRegistry registry https://registry.npmjs.org/
225 silly mapToRegistry data Result {
225 silly mapToRegistry   raw: 'nan',
225 silly mapToRegistry   scope: null,
225 silly mapToRegistry   escapedName: 'nan',
225 silly mapToRegistry   name: 'nan',
225 silly mapToRegistry   rawSpec: '',
225 silly mapToRegistry   spec: 'latest',
225 silly mapToRegistry   type: 'tag' }
226 silly mapToRegistry uri https://registry.npmjs.org/nan
227 silly resolveWithNewModule nan@2.4.0 checking installable status
228 silly cache add args [ 'nan@~2.4.0', null ]
229 verbose cache add spec nan@~2.4.0
230 silly cache add parsed spec Result {
230 silly cache add   raw: 'nan@~2.4.0',
230 silly cache add   scope: null,
230 silly cache add   escapedName: 'nan',
230 silly cache add   name: 'nan',
230 silly cache add   rawSpec: '~2.4.0',
230 silly cache add   spec: '>=2.4.0 <2.5.0',
230 silly cache add   type: 'range' }
231 silly addNamed nan@>=2.4.0 <2.5.0
232 verbose addNamed ">=2.4.0 <2.5.0" is a valid semver range for nan
233 silly addNameRange { name: 'nan', range: '>=2.4.0 <2.5.0', hasData: false }
234 silly mapToRegistry name nan
235 silly mapToRegistry using default registry
236 silly mapToRegistry registry https://registry.npmjs.org/
237 silly mapToRegistry data Result {
237 silly mapToRegistry   raw: 'nan',
237 silly mapToRegistry   scope: null,
237 silly mapToRegistry   escapedName: 'nan',
237 silly mapToRegistry   name: 'nan',
237 silly mapToRegistry   rawSpec: '',
237 silly mapToRegistry   spec: 'latest',
237 silly mapToRegistry   type: 'tag' }
238 silly mapToRegistry uri https://registry.npmjs.org/nan
239 verbose addNameRange registry:https://registry.npmjs.org/nan not in flight; fetching
240 verbose get https://registry.npmjs.org/nan not expired, no request
241 silly addNameRange number 2 { name: 'nan', range: '>=2.4.0 <2.5.0', hasData: true }
242 silly addNameRange versions [ 'nan',
242 silly addNameRange   [ '0.3.0-wip',
242 silly addNameRange     '0.3.0-wip2',
242 silly addNameRange     '0.3.0',
242 silly addNameRange     '0.3.1',
242 silly addNameRange     '0.3.2',
242 silly addNameRange     '0.4.0',
242 silly addNameRange     '0.4.1',
242 silly addNameRange     '0.4.2',
242 silly addNameRange     '0.4.3',
242 silly addNameRange     '0.4.4',
242 silly addNameRange     '0.5.0',
242 silly addNameRange     '0.5.1',
242 silly addNameRange     '0.5.2',
242 silly addNameRange     '0.6.0',
242 silly addNameRange     '0.7.0',
242 silly addNameRange     '0.7.1',
242 silly addNameRange     '0.8.0',
242 silly addNameRange     '1.0.0',
242 silly addNameRange     '1.1.0',
242 silly addNameRange     '1.1.1',
242 silly addNameRange     '1.1.2',
242 silly addNameRange     '1.2.0',
242 silly addNameRange     '1.3.0',
242 silly addNameRange     '1.4.0',
242 silly addNameRange     '1.4.1',
242 silly addNameRange     '1.5.0',
242 silly addNameRange     '1.4.2',
242 silly addNameRange     '1.4.3',
242 silly addNameRange     '1.5.1',
242 silly addNameRange     '1.5.2',
242 silly addNameRange     '1.6.0',
242 silly addNameRange     '1.5.3',
242 silly addNameRange     '1.6.1',
242 silly addNameRange     '1.6.2',
242 silly addNameRange     '1.7.0',
242 silly addNameRange     '1.8.0',
242 silly addNameRange     '1.8.1',
242 silly addNameRange     '1.8.2',
242 silly addNameRange     '1.8.3',
242 silly addNameRange     '1.8.4',
242 silly addNameRange     '1.9.0',
242 silly addNameRange     '2.0.0',
242 silly addNameRange     '2.0.1',
242 silly addNameRange     '2.0.2',
242 silly addNameRange     '2.0.3',
242 silly addNameRange     '2.0.4',
242 silly addNameRange     '2.0.5',
242 silly addNameRange     '2.0.6',
242 silly addNameRange     '2.0.7',
242 silly addNameRange     '2.0.8',
242 silly addNameRange     '2.0.9',
242 silly addNameRange     '2.1.0',
242 silly addNameRange     '2.2.0',
242 silly addNameRange     '2.2.1',
242 silly addNameRange     '2.3.0',
242 silly addNameRange     '2.3.1',
242 silly addNameRange     '2.3.2',
242 silly addNameRange     '2.3.3',
242 silly addNameRange     '2.3.4',
242 silly addNameRange     '2.3.5',
242 silly addNameRange     '2.4.0',
242 silly addNameRange     '2.5.0',
242 silly addNameRange     '2.5.1' ] ]
243 silly addNamed nan@2.4.0
244 verbose addNamed "2.4.0" is a plain semver version for nan
245 silly cache afterAdd nan@2.4.0
246 verbose afterAdd C:\Users\Nikola\AppData\Roaming\npm-cache\nan\2.4.0\package\package.json not in flight; writing
247 verbose correctMkdir C:\Users\Nikola\AppData\Roaming\npm-cache correctMkdir not in flight; initializing
248 verbose afterAdd C:\Users\Nikola\AppData\Roaming\npm-cache\nan\2.4.0\package\package.json written
249 silly loadAllDepsIntoIdealTree Finishing
250 silly loadIdealTree Finishing
251 silly currentTree angular-material-seed@0.0.1
251 silly currentTree +-- accepts@1.3.3
251 silly currentTree | +-- mime-db@1.26.0
251 silly currentTree | `-- mime-types@2.1.14
251 silly currentTree +-- accessibility-developer-tools@2.6.0
251 silly currentTree +-- active-x-obfuscator@0.0.1
251 silly currentTree +-- adm-zip@0.4.4
251 silly currentTree +-- agent-base@2.0.1
251 silly currentTree | `-- semver@5.0.3
251 silly currentTree +-- amdefine@1.0.1
251 silly currentTree +-- angular-ui-router@0.4.2
251 silly currentTree +-- angular@1.6.2
251 silly currentTree +-- ansi-regex@2.1.1
251 silly currentTree +-- ansi-styles@2.2.1
251 silly currentTree +-- array-flatten@1.1.1
251 silly currentTree +-- asn1@0.1.11
251 silly currentTree +-- assert-plus@0.1.5
251 silly currentTree +-- async@0.2.10
251 silly currentTree +-- aws-sign2@0.5.0
251 silly currentTree +-- balanced-match@0.4.2
251 silly currentTree +-- base64id@0.1.0
251 silly currentTree +-- bl@0.9.5
251 silly currentTree +-- bluebird@2.11.0
251 silly currentTree +-- boom@2.10.1
251 silly currentTree +-- bower@1.8.0
251 silly currentTree +-- brace-expansion@1.1.6
251 silly currentTree +-- buffer-crc32@0.2.1
251 silly currentTree +-- bytes@0.2.0
251 silly currentTree +-- caseless@0.10.0
251 silly currentTree +-- chalk@1.1.3
251 silly currentTree +-- chokidar@0.8.4
251 silly currentTree +-- coffee-script@1.6.3
251 silly currentTree +-- colors@0.6.2
251 silly currentTree +-- combined-stream@1.0.5
251 silly currentTree +-- commander@2.1.0
251 silly currentTree +-- concat-map@0.0.1
251 silly currentTree +-- connect@2.8.8
251 silly currentTree | `-- qs@0.6.5
251 silly currentTree +-- content-disposition@0.5.2
251 silly currentTree +-- content-type@1.0.2
251 silly currentTree +-- cookie-signature@1.0.1
251 silly currentTree +-- cookie@0.1.0
251 silly currentTree +-- core-util-is@1.0.2
251 silly currentTree +-- cryptiles@2.0.5
251 silly currentTree +-- ctype@0.5.3
251 silly currentTree +-- debug@2.6.0
251 silly currentTree +-- deep-equal@1.0.1
251 silly currentTree +-- delayed-stream@1.0.0
251 silly currentTree +-- depd@1.1.0
251 silly currentTree +-- destroy@1.0.4
251 silly currentTree +-- di@0.0.1
251 silly currentTree +-- ecstatic@0.4.13
251 silly currentTree | `-- optimist@0.3.7
251 silly currentTree +-- ee-first@1.1.1
251 silly currentTree +-- encodeurl@1.0.1
251 silly currentTree +-- ent@0.0.7
251 silly currentTree +-- escape-html@1.0.3
251 silly currentTree +-- escape-string-regexp@1.0.5
251 silly currentTree +-- etag@1.7.0
251 silly currentTree +-- exit@0.1.2
251 silly currentTree +-- express@4.14.1
251 silly currentTree | +-- cookie-signature@1.0.6
251 silly currentTree | +-- cookie@0.3.1
251 silly currentTree | +-- debug@2.2.0
251 silly currentTree | +-- fresh@0.3.0
251 silly currentTree | +-- methods@1.1.2
251 silly currentTree | +-- mime@1.3.4
251 silly currentTree | +-- ms@0.7.1
251 silly currentTree | +-- qs@6.2.0
251 silly currentTree | +-- range-parser@1.2.0
251 silly currentTree | `-- send@0.14.2
251 silly currentTree |   `-- ms@0.7.2
251 silly currentTree +-- extend@3.0.0
251 silly currentTree +-- finalhandler@0.5.1
251 silly currentTree | +-- debug@2.2.0
251 silly currentTree | `-- ms@0.7.1
251 silly currentTree +-- forever-agent@0.6.1
251 silly currentTree +-- form-data@0.2.0
251 silly currentTree | +-- async@0.9.2
251 silly currentTree | +-- combined-stream@0.0.7
251 silly currentTree | `-- delayed-stream@0.0.5
251 silly currentTree +-- formidable@1.0.14
251 silly currentTree +-- forwarded@0.1.0
251 silly currentTree +-- fresh@0.2.0
251 silly currentTree +-- fs.realpath@1.0.0
251 silly currentTree +-- generate-function@2.0.0
251 silly currentTree +-- generate-object-property@1.2.0
251 silly currentTree +-- glob@3.1.21
251 silly currentTree +-- graceful-fs@1.2.3
251 silly currentTree +-- graceful-readlink@1.0.1
251 silly currentTree +-- har-validator@1.8.0
251 silly currentTree | `-- commander@2.9.0
251 silly currentTree +-- has-ansi@2.0.0
251 silly currentTree +-- hawk@2.3.1
251 silly currentTree +-- hoek@2.16.3
251 silly currentTree +-- html-entities@1.1.3
251 silly currentTree +-- http-errors@1.5.1
251 silly currentTree | `-- inherits@2.0.3
251 silly currentTree +-- http-proxy@0.10.4
251 silly currentTree | +-- optimist@0.6.1
251 silly currentTree | `-- pkginfo@0.3.1
251 silly currentTree +-- http-server@0.6.1
251 silly currentTree +-- http-signature@0.11.0
251 silly currentTree +-- https-proxy-agent@1.0.0
251 silly currentTree +-- i@0.3.5
251 silly currentTree +-- inflight@1.0.6
251 silly currentTree +-- inherits@1.0.2
251 silly currentTree +-- ipaddr.js@1.2.0
251 silly currentTree +-- is-my-json-valid@2.15.0
251 silly currentTree +-- is-property@1.0.2
251 silly currentTree +-- isarray@0.0.1
251 silly currentTree +-- isstream@0.1.2
251 silly currentTree +-- jasmine-core@2.3.4
251 silly currentTree +-- jasmine@2.3.2
251 silly currentTree | +-- glob@3.2.11
251 silly currentTree | +-- inherits@2.0.3
251 silly currentTree | `-- minimatch@0.3.0
251 silly currentTree +-- jasminewd@1.1.0
251 silly currentTree +-- jasminewd2@0.0.6
251 silly currentTree +-- json-stringify-safe@5.0.1
251 silly currentTree +-- jsonpointer@4.0.1
251 silly currentTree +-- karma-junit-reporter@0.2.2
251 silly currentTree +-- karma@0.10.10
251 silly currentTree | +-- colors@0.6.0-1
251 silly currentTree | `-- optimist@0.3.7
251 silly currentTree +-- lodash@1.1.1
251 silly currentTree +-- log4js@0.6.38
251 silly currentTree +-- lru-cache@2.7.3
251 silly currentTree +-- media-typer@0.3.0
251 silly currentTree +-- merge-descriptors@1.0.1
251 silly currentTree +-- methods@0.0.1
251 silly currentTree +-- mime-db@1.12.0
251 silly currentTree +-- mime-types@2.0.14
251 silly currentTree +-- mime@1.2.11
251 silly currentTree +-- minijasminenode@1.1.1
251 silly currentTree +-- minimatch@0.2.14
251 silly currentTree +-- minimist@0.0.10
251 silly currentTree +-- mkdirp@0.0.7
251 silly currentTree +-- ms@0.7.2
251 silly currentTree +-- nan@1.0.0
251 silly currentTree +-- ncp@0.4.2
251 silly currentTree +-- negotiator@0.6.1
251 silly currentTree +-- node-uuid@1.4.7
251 silly currentTree +-- oauth-sign@0.8.2
251 silly currentTree +-- on-finished@2.3.0
251 silly currentTree +-- once@1.4.0
251 silly currentTree +-- opener@1.3.0
251 silly currentTree +-- optimist@0.5.2
251 silly currentTree +-- options@0.0.6
251 silly currentTree +-- parseurl@1.3.1
251 silly currentTree +-- path-is-absolute@1.0.1
251 silly currentTree +-- path-to-regexp@0.1.7
251 silly currentTree +-- pause@0.0.1
251 silly currentTree +-- pkginfo@0.2.3
251 silly currentTree +-- policyfile@0.0.4
251 silly currentTree +-- portfinder@0.2.1
251 silly currentTree +-- protractor@2.5.1
251 silly currentTree | +-- glob@3.2.11
251 silly currentTree | +-- inherits@2.0.3
251 silly currentTree | +-- lodash@2.4.2
251 silly currentTree | +-- minimatch@0.3.0
251 silly currentTree | +-- optimist@0.6.1
251 silly currentTree | +-- q@1.0.0
251 silly currentTree | +-- rimraf@2.5.4
251 silly currentTree | | +-- glob@7.1.1
251 silly currentTree | | `-- minimatch@3.0.3
251 silly currentTree | +-- selenium-webdriver@2.47.0
251 silly currentTree | `-- ws@0.8.1
251 silly currentTree +-- proxy-addr@1.1.3
251 silly currentTree +-- punycode@1.4.1
251 silly currentTree +-- q@0.9.7
251 silly currentTree +-- qs@0.5.6
251 silly currentTree +-- range-parser@0.0.4
251 silly currentTree +-- readable-stream@1.0.34
251 silly currentTree | `-- inherits@2.0.3
251 silly currentTree +-- recursive-readdir@0.0.2
251 silly currentTree +-- redis@0.7.3
251 silly currentTree +-- request@2.57.0
251 silly currentTree | `-- qs@3.1.0
251 silly currentTree +-- rimraf@2.1.4
251 silly currentTree +-- saucelabs@1.0.1
251 silly currentTree +-- sax@0.6.1
251 silly currentTree +-- selenium-webdriver@2.53.3
251 silly currentTree | +-- glob@7.1.1
251 silly currentTree | +-- inherits@2.0.3
251 silly currentTree | +-- minimatch@3.0.3
251 silly currentTree | +-- rimraf@2.5.4
251 silly currentTree | `-- ws@1.1.1
251 silly currentTree +-- semver@4.3.6
251 silly currentTree +-- send@0.1.4
251 silly currentTree +-- serve-static@1.11.2
251 silly currentTree | +-- debug@2.2.0
251 silly currentTree | | `-- ms@0.7.1
251 silly currentTree | +-- fresh@0.3.0
251 silly currentTree | +-- mime@1.3.4
251 silly currentTree | +-- range-parser@1.2.0
251 silly currentTree | `-- send@0.14.2
251 silly currentTree +-- setprototypeof@1.0.2
251 silly currentTree +-- shelljs@0.2.6
251 silly currentTree +-- sigmund@1.0.1
251 silly currentTree +-- sntp@1.0.9
251 silly currentTree +-- socket.io-client@0.9.16
251 silly currentTree +-- socket.io@0.9.17
251 silly currentTree +-- source-map-support@0.2.10
251 silly currentTree +-- source-map@0.1.32
251 silly currentTree +-- statuses@1.3.1
251 silly currentTree +-- string_decoder@0.10.31
251 silly currentTree +-- stringstream@0.0.5
251 silly currentTree +-- strip-ansi@3.0.1
251 silly currentTree +-- supports-color@2.0.0
251 silly currentTree +-- tinycolor@0.0.1
251 silly currentTree +-- tmp@0.0.24
251 silly currentTree +-- tough-cookie@2.3.2
251 silly currentTree +-- tunnel-agent@0.4.3
251 silly currentTree +-- type-is@1.6.14
251 silly currentTree | +-- mime-db@1.26.0
251 silly currentTree | `-- mime-types@2.1.14
251 silly currentTree +-- uglify-js@1.2.5
251 silly currentTree +-- uid2@0.0.2
251 silly currentTree +-- ultron@1.0.2
251 silly currentTree +-- union@0.3.8
251 silly currentTree +-- unpipe@1.0.0
251 silly currentTree +-- useragent@2.0.10
251 silly currentTree | `-- lru-cache@2.2.4
251 silly currentTree +-- utile@0.2.1
251 silly currentTree +-- utils-merge@1.0.0
251 silly currentTree +-- vary@1.1.0
251 silly currentTree +-- wordwrap@0.0.3
251 silly currentTree +-- wrappy@1.0.2
251 silly currentTree +-- ws@0.4.32
251 silly currentTree +-- xml2js@0.4.4
251 silly currentTree | `-- xmlbuilder@8.2.2
251 silly currentTree +-- xmlbuilder@0.4.2
251 silly currentTree +-- xmlhttprequest@1.4.2
251 silly currentTree +-- xtend@4.0.1
251 silly currentTree `-- zeparser@0.0.5
252 silly idealTree angular-material-seed@0.0.1
252 silly idealTree +-- accepts@1.3.3
252 silly idealTree | +-- mime-db@1.26.0
252 silly idealTree | `-- mime-types@2.1.14
252 silly idealTree +-- accessibility-developer-tools@2.6.0
252 silly idealTree +-- active-x-obfuscator@0.0.1
252 silly idealTree +-- adm-zip@0.4.4
252 silly idealTree +-- agent-base@2.0.1
252 silly idealTree | `-- semver@5.0.3
252 silly idealTree +-- amdefine@1.0.1
252 silly idealTree +-- angular-ui-router@0.4.2
252 silly idealTree +-- angular@1.6.2
252 silly idealTree +-- ansi-regex@2.1.1
252 silly idealTree +-- ansi-styles@2.2.1
252 silly idealTree +-- array-flatten@1.1.1
252 silly idealTree +-- asn1@0.1.11
252 silly idealTree +-- assert-plus@0.1.5
252 silly idealTree +-- async@0.2.10
252 silly idealTree +-- aws-sign2@0.5.0
252 silly idealTree +-- balanced-match@0.4.2
252 silly idealTree +-- base64id@0.1.0
252 silly idealTree +-- bindings@1.2.1
252 silly idealTree +-- bl@0.9.5
252 silly idealTree +-- bluebird@2.11.0
252 silly idealTree +-- boom@2.10.1
252 silly idealTree +-- bower@1.8.0
252 silly idealTree +-- brace-expansion@1.1.6
252 silly idealTree +-- buffer-crc32@0.2.1
252 silly idealTree +-- bufferutil@1.2.1
252 silly idealTree | `-- nan@2.5.1
252 silly idealTree +-- bytes@0.2.0
252 silly idealTree +-- caseless@0.10.0
252 silly idealTree +-- chalk@1.1.3
252 silly idealTree +-- chokidar@0.8.4
252 silly idealTree +-- coffee-script@1.6.3
252 silly idealTree +-- colors@0.6.2
252 silly idealTree +-- combined-stream@1.0.5
252 silly idealTree +-- commander@2.1.0
252 silly idealTree +-- concat-map@0.0.1
252 silly idealTree +-- connect@2.8.8
252 silly idealTree | `-- qs@0.6.5
252 silly idealTree +-- content-disposition@0.5.2
252 silly idealTree +-- content-type@1.0.2
252 silly idealTree +-- cookie-signature@1.0.1
252 silly idealTree +-- cookie@0.1.0
252 silly idealTree +-- core-util-is@1.0.2
252 silly idealTree +-- cryptiles@2.0.5
252 silly idealTree +-- ctype@0.5.3
252 silly idealTree +-- debug@2.6.0
252 silly idealTree +-- deep-equal@1.0.1
252 silly idealTree +-- delayed-stream@1.0.0
252 silly idealTree +-- depd@1.1.0
252 silly idealTree +-- destroy@1.0.4
252 silly idealTree +-- di@0.0.1
252 silly idealTree +-- ecstatic@0.4.13
252 silly idealTree | `-- optimist@0.3.7
252 silly idealTree +-- ee-first@1.1.1
252 silly idealTree +-- encodeurl@1.0.1
252 silly idealTree +-- ent@0.0.7
252 silly idealTree +-- escape-html@1.0.3
252 silly idealTree +-- escape-string-regexp@1.0.5
252 silly idealTree +-- etag@1.7.0
252 silly idealTree +-- exit@0.1.2
252 silly idealTree +-- express@4.14.1
252 silly idealTree | +-- cookie-signature@1.0.6
252 silly idealTree | +-- cookie@0.3.1
252 silly idealTree | +-- debug@2.2.0
252 silly idealTree | +-- fresh@0.3.0
252 silly idealTree | +-- methods@1.1.2
252 silly idealTree | +-- mime@1.3.4
252 silly idealTree | +-- ms@0.7.1
252 silly idealTree | +-- qs@6.2.0
252 silly idealTree | +-- range-parser@1.2.0
252 silly idealTree | `-- send@0.14.2
252 silly idealTree |   `-- ms@0.7.2
252 silly idealTree +-- extend@3.0.0
252 silly idealTree +-- finalhandler@0.5.1
252 silly idealTree | +-- debug@2.2.0
252 silly idealTree | `-- ms@0.7.1
252 silly idealTree +-- forever-agent@0.6.1
252 silly idealTree +-- form-data@0.2.0
252 silly idealTree | +-- async@0.9.2
252 silly idealTree | +-- combined-stream@0.0.7
252 silly idealTree | `-- delayed-stream@0.0.5
252 silly idealTree +-- formidable@1.0.14
252 silly idealTree +-- forwarded@0.1.0
252 silly idealTree +-- fresh@0.2.0
252 silly idealTree +-- fs.realpath@1.0.0
252 silly idealTree +-- generate-function@2.0.0
252 silly idealTree +-- generate-object-property@1.2.0
252 silly idealTree +-- glob@3.1.21
252 silly idealTree +-- graceful-fs@1.2.3
252 silly idealTree +-- graceful-readlink@1.0.1
252 silly idealTree +-- har-validator@1.8.0
252 silly idealTree | `-- commander@2.9.0
252 silly idealTree +-- has-ansi@2.0.0
252 silly idealTree +-- hawk@2.3.1
252 silly idealTree +-- hoek@2.16.3
252 silly idealTree +-- html-entities@1.1.3
252 silly idealTree +-- http-errors@1.5.1
252 silly idealTree | `-- inherits@2.0.3
252 silly idealTree +-- http-proxy@0.10.4
252 silly idealTree | +-- optimist@0.6.1
252 silly idealTree | `-- pkginfo@0.3.1
252 silly idealTree +-- http-server@0.6.1
252 silly idealTree +-- http-signature@0.11.0
252 silly idealTree +-- https-proxy-agent@1.0.0
252 silly idealTree +-- i@0.3.5
252 silly idealTree +-- inflight@1.0.6
252 silly idealTree +-- inherits@1.0.2
252 silly idealTree +-- ipaddr.js@1.2.0
252 silly idealTree +-- is-my-json-valid@2.15.0
252 silly idealTree +-- is-property@1.0.2
252 silly idealTree +-- isarray@0.0.1
252 silly idealTree +-- isstream@0.1.2
252 silly idealTree +-- jasmine-core@2.3.4
252 silly idealTree +-- jasmine@2.3.2
252 silly idealTree | +-- glob@3.2.11
252 silly idealTree | +-- inherits@2.0.3
252 silly idealTree | `-- minimatch@0.3.0
252 silly idealTree +-- jasminewd@1.1.0
252 silly idealTree +-- jasminewd2@0.0.6
252 silly idealTree +-- json-stringify-safe@5.0.1
252 silly idealTree +-- jsonpointer@4.0.1
252 silly idealTree +-- karma-junit-reporter@0.2.2
252 silly idealTree +-- karma@0.10.10
252 silly idealTree | +-- colors@0.6.0-1
252 silly idealTree | `-- optimist@0.3.7
252 silly idealTree +-- lodash@1.1.1
252 silly idealTree +-- log4js@0.6.38
252 silly idealTree +-- lru-cache@2.7.3
252 silly idealTree +-- media-typer@0.3.0
252 silly idealTree +-- merge-descriptors@1.0.1
252 silly idealTree +-- methods@0.0.1
252 silly idealTree +-- mime-db@1.12.0
252 silly idealTree +-- mime-types@2.0.14
252 silly idealTree +-- mime@1.2.11
252 silly idealTree +-- minijasminenode@1.1.1
252 silly idealTree +-- minimatch@0.2.14
252 silly idealTree +-- minimist@0.0.10
252 silly idealTree +-- mkdirp@0.0.7
252 silly idealTree +-- ms@0.7.2
252 silly idealTree +-- nan@1.0.0
252 silly idealTree +-- ncp@0.4.2
252 silly idealTree +-- negotiator@0.6.1
252 silly idealTree +-- node-uuid@1.4.7
252 silly idealTree +-- oauth-sign@0.8.2
252 silly idealTree +-- on-finished@2.3.0
252 silly idealTree +-- once@1.4.0
252 silly idealTree +-- opener@1.3.0
252 silly idealTree +-- optimist@0.5.2
252 silly idealTree +-- options@0.0.6
252 silly idealTree +-- parseurl@1.3.1
252 silly idealTree +-- path-is-absolute@1.0.1
252 silly idealTree +-- path-to-regexp@0.1.7
252 silly idealTree +-- pause@0.0.1
252 silly idealTree +-- pkginfo@0.2.3
252 silly idealTree +-- policyfile@0.0.4
252 silly idealTree +-- portfinder@0.2.1
252 silly idealTree +-- protractor@2.5.1
252 silly idealTree | +-- glob@3.2.11
252 silly idealTree | +-- inherits@2.0.3
252 silly idealTree | +-- lodash@2.4.2
252 silly idealTree | +-- minimatch@0.3.0
252 silly idealTree | +-- optimist@0.6.1
252 silly idealTree | +-- q@1.0.0
252 silly idealTree | +-- rimraf@2.5.4
252 silly idealTree | | +-- glob@7.1.1
252 silly idealTree | | `-- minimatch@3.0.3
252 silly idealTree | +-- selenium-webdriver@2.47.0
252 silly idealTree | `-- ws@0.8.1
252 silly idealTree +-- proxy-addr@1.1.3
252 silly idealTree +-- punycode@1.4.1
252 silly idealTree +-- q@0.9.7
252 silly idealTree +-- qs@0.5.6
252 silly idealTree +-- range-parser@0.0.4
252 silly idealTree +-- readable-stream@1.0.34
252 silly idealTree | `-- inherits@2.0.3
252 silly idealTree +-- recursive-readdir@0.0.2
252 silly idealTree +-- redis@0.7.3
252 silly idealTree +-- request@2.57.0
252 silly idealTree | `-- qs@3.1.0
252 silly idealTree +-- rimraf@2.1.4
252 silly idealTree +-- saucelabs@1.0.1
252 silly idealTree +-- sax@0.6.1
252 silly idealTree +-- selenium-webdriver@2.53.3
252 silly idealTree | +-- glob@7.1.1
252 silly idealTree | +-- inherits@2.0.3
252 silly idealTree | +-- minimatch@3.0.3
252 silly idealTree | +-- rimraf@2.5.4
252 silly idealTree | `-- ws@1.1.1
252 silly idealTree +-- semver@4.3.6
252 silly idealTree +-- send@0.1.4
252 silly idealTree +-- serve-static@1.11.2
252 silly idealTree | +-- debug@2.2.0
252 silly idealTree | | `-- ms@0.7.1
252 silly idealTree | +-- fresh@0.3.0
252 silly idealTree | +-- mime@1.3.4
252 silly idealTree | +-- range-parser@1.2.0
252 silly idealTree | `-- send@0.14.2
252 silly idealTree +-- setprototypeof@1.0.2
252 silly idealTree +-- shelljs@0.2.6
252 silly idealTree +-- sigmund@1.0.1
252 silly idealTree +-- sntp@1.0.9
252 silly idealTree +-- socket.io-client@0.9.16
252 silly idealTree +-- socket.io@0.9.17
252 silly idealTree +-- source-map-support@0.2.10
252 silly idealTree +-- source-map@0.1.32
252 silly idealTree +-- statuses@1.3.1
252 silly idealTree +-- string_decoder@0.10.31
252 silly idealTree +-- stringstream@0.0.5
252 silly idealTree +-- strip-ansi@3.0.1
252 silly idealTree +-- supports-color@2.0.0
252 silly idealTree +-- tinycolor@0.0.1
252 silly idealTree +-- tmp@0.0.24
252 silly idealTree +-- tough-cookie@2.3.2
252 silly idealTree +-- tunnel-agent@0.4.3
252 silly idealTree +-- type-is@1.6.14
252 silly idealTree | +-- mime-db@1.26.0
252 silly idealTree | `-- mime-types@2.1.14
252 silly idealTree +-- uglify-js@1.2.5
252 silly idealTree +-- uid2@0.0.2
252 silly idealTree +-- ultron@1.0.2
252 silly idealTree +-- union@0.3.8
252 silly idealTree +-- unpipe@1.0.0
252 silly idealTree +-- useragent@2.0.10
252 silly idealTree | `-- lru-cache@2.2.4
252 silly idealTree +-- utf-8-validate@1.2.2
252 silly idealTree | `-- nan@2.4.0
252 silly idealTree +-- utile@0.2.1
252 silly idealTree +-- utils-merge@1.0.0
252 silly idealTree +-- vary@1.1.0
252 silly idealTree +-- wordwrap@0.0.3
252 silly idealTree +-- wrappy@1.0.2
252 silly idealTree +-- ws@0.4.32
252 silly idealTree +-- xml2js@0.4.4
252 silly idealTree | `-- xmlbuilder@8.2.2
252 silly idealTree +-- xmlbuilder@0.4.2
252 silly idealTree +-- xmlhttprequest@1.4.2
252 silly idealTree +-- xtend@4.0.1
252 silly idealTree `-- zeparser@0.0.5
253 silly generateActionsToTake Starting
254 silly install generateActionsToTake
255 silly generateActionsToTake Finishing
256 silly diffTrees action count 5
257 silly diffTrees add bindings@1.2.1
258 silly diffTrees add nan@2.5.1
259 silly diffTrees add bufferutil@1.2.1
260 silly diffTrees add nan@2.4.0
261 silly diffTrees add utf-8-validate@1.2.2
262 silly decomposeActions action count 40
263 silly decomposeActions fetch bindings@1.2.1
264 silly decomposeActions extract bindings@1.2.1
265 silly decomposeActions test bindings@1.2.1
266 silly decomposeActions preinstall bindings@1.2.1
267 silly decomposeActions build bindings@1.2.1
268 silly decomposeActions install bindings@1.2.1
269 silly decomposeActions postinstall bindings@1.2.1
270 silly decomposeActions finalize bindings@1.2.1
271 silly decomposeActions fetch nan@2.5.1
272 silly decomposeActions extract nan@2.5.1
273 silly decomposeActions test nan@2.5.1
274 silly decomposeActions preinstall nan@2.5.1
275 silly decomposeActions build nan@2.5.1
276 silly decomposeActions install nan@2.5.1
277 silly decomposeActions postinstall nan@2.5.1
278 silly decomposeActions finalize nan@2.5.1
279 silly decomposeActions fetch bufferutil@1.2.1
280 silly decomposeActions extract bufferutil@1.2.1
281 silly decomposeActions test bufferutil@1.2.1
282 silly decomposeActions preinstall bufferutil@1.2.1
283 silly decomposeActions build bufferutil@1.2.1
284 silly decomposeActions install bufferutil@1.2.1
285 silly decomposeActions postinstall bufferutil@1.2.1
286 silly decomposeActions finalize bufferutil@1.2.1
287 silly decomposeActions fetch nan@2.4.0
288 silly decomposeActions extract nan@2.4.0
289 silly decomposeActions test nan@2.4.0
290 silly decomposeActions preinstall nan@2.4.0
291 silly decomposeActions build nan@2.4.0
292 silly decomposeActions install nan@2.4.0
293 silly decomposeActions postinstall nan@2.4.0
294 silly decomposeActions finalize nan@2.4.0
295 silly decomposeActions fetch utf-8-validate@1.2.2
296 silly decomposeActions extract utf-8-validate@1.2.2
297 silly decomposeActions test utf-8-validate@1.2.2
298 silly decomposeActions preinstall utf-8-validate@1.2.2
299 silly decomposeActions build utf-8-validate@1.2.2
300 silly decomposeActions install utf-8-validate@1.2.2
301 silly decomposeActions postinstall utf-8-validate@1.2.2
302 silly decomposeActions finalize utf-8-validate@1.2.2
303 silly runTopLevelLifecycles Starting
304 silly install runPreinstallTopLevelLifecycles
305 silly preinstall angular-material-seed@0.0.1 C:\Users\Nikola\WebstormProjects\mean-demo\angular-material-seed-8a60e81e
306 info lifecycle angular-material-seed@0.0.1~preinstall: angular-material-seed@0.0.1
307 silly lifecycle angular-material-seed@0.0.1~preinstall: no script for preinstall, continuing
308 silly executeActions Starting
309 silly install executeActions
310 silly doSerial global-install 0
311 silly doParallel fetch 5
312 verbose correctMkdir C:\Users\Nikola\AppData\Roaming\npm-cache\_locks correctMkdir not in flight; initializing
313 verbose lock using C:\Users\Nikola\AppData\Roaming\npm-cache\_locks\staging-4843eb71ec0b3571.lock for C:\Users\Nikola\WebstormProjects\mean-demo\node_modules\.staging
314 silly doParallel extract 5
315 silly extract bindings@1.2.1
316 silly extract nan@2.5.1
317 silly extract bufferutil@1.2.1
318 silly extract nan@2.4.0
319 silly extract utf-8-validate@1.2.2
320 verbose unbuild node_modules\.staging\bindings-541b79a4
321 verbose unbuild node_modules\.staging\nan-fb51bd6a
322 verbose unbuild node_modules\.staging\bufferutil-e8261601
323 verbose unbuild node_modules\.staging\nan-d8af2ee2
324 verbose unbuild node_modules\.staging\utf-8-validate-bf518a84
325 silly gentlyRm C:\Users\Nikola\WebstormProjects\mean-demo\node_modules\.staging\bindings-541b79a4 is being purged from base C:\Users\Nikola\WebstormProjects\mean-demo
326 verbose gentlyRm don't care about contents; nuking C:\Users\Nikola\WebstormProjects\mean-demo\node_modules\.staging\bindings-541b79a4
327 silly gentlyRm C:\Users\Nikola\WebstormProjects\mean-demo\node_modules\.staging\nan-fb51bd6a is being purged from base C:\Users\Nikola\WebstormProjects\mean-demo
328 verbose gentlyRm don't care about contents; nuking C:\Users\Nikola\WebstormProjects\mean-demo\node_modules\.staging\nan-fb51bd6a
329 silly gentlyRm C:\Users\Nikola\WebstormProjects\mean-demo\node_modules\.staging\bufferutil-e8261601 is being purged from base C:\Users\Nikola\WebstormProjects\mean-demo
330 verbose gentlyRm don't care about contents; nuking C:\Users\Nikola\WebstormProjects\mean-demo\node_modules\.staging\bufferutil-e8261601
331 verbose tar unpack C:\Users\Nikola\AppData\Roaming\npm-cache\bindings\1.2.1\package.tgz
332 verbose tar unpacking to C:\Users\Nikola\WebstormProjects\mean-demo\node_modules\.staging\bindings-541b79a4
333 silly gentlyRm C:\Users\Nikola\WebstormProjects\mean-demo\node_modules\.staging\bindings-541b79a4 is being purged
334 verbose gentlyRm don't care about contents; nuking C:\Users\Nikola\WebstormProjects\mean-demo\node_modules\.staging\bindings-541b79a4
335 verbose tar unpack C:\Users\Nikola\AppData\Roaming\npm-cache\nan\2.5.1\package.tgz
336 verbose tar unpacking to C:\Users\Nikola\WebstormProjects\mean-demo\node_modules\.staging\nan-fb51bd6a
337 silly gentlyRm C:\Users\Nikola\WebstormProjects\mean-demo\node_modules\.staging\nan-fb51bd6a is being purged
338 verbose gentlyRm don't care about contents; nuking C:\Users\Nikola\WebstormProjects\mean-demo\node_modules\.staging\nan-fb51bd6a
339 verbose tar unpack C:\Users\Nikola\AppData\Roaming\npm-cache\bufferutil\1.2.1\package.tgz
340 verbose tar unpacking to C:\Users\Nikola\WebstormProjects\mean-demo\node_modules\.staging\bufferutil-e8261601
341 silly gentlyRm C:\Users\Nikola\WebstormProjects\mean-demo\node_modules\.staging\bufferutil-e8261601 is being purged
342 verbose gentlyRm don't care about contents; nuking C:\Users\Nikola\WebstormProjects\mean-demo\node_modules\.staging\bufferutil-e8261601
343 silly gentlyRm C:\Users\Nikola\WebstormProjects\mean-demo\node_modules\.staging\nan-d8af2ee2 is being purged from base C:\Users\Nikola\WebstormProjects\mean-demo
344 verbose gentlyRm don't care about contents; nuking C:\Users\Nikola\WebstormProjects\mean-demo\node_modules\.staging\nan-d8af2ee2
345 silly gentlyRm C:\Users\Nikola\WebstormProjects\mean-demo\node_modules\.staging\utf-8-validate-bf518a84 is being purged from base C:\Users\Nikola\WebstormProjects\mean-demo
346 verbose gentlyRm don't care about contents; nuking C:\Users\Nikola\WebstormProjects\mean-demo\node_modules\.staging\utf-8-validate-bf518a84
347 silly gunzTarPerm modes [ '777', '666' ]
348 silly gunzTarPerm modes [ '777', '666' ]
349 silly gunzTarPerm modes [ '777', '666' ]
350 verbose tar unpack C:\Users\Nikola\AppData\Roaming\npm-cache\nan\2.4.0\package.tgz
351 verbose tar unpacking to C:\Users\Nikola\WebstormProjects\mean-demo\node_modules\.staging\nan-d8af2ee2
352 silly gentlyRm C:\Users\Nikola\WebstormProjects\mean-demo\node_modules\.staging\nan-d8af2ee2 is being purged
353 verbose gentlyRm don't care about contents; nuking C:\Users\Nikola\WebstormProjects\mean-demo\node_modules\.staging\nan-d8af2ee2
354 verbose tar unpack C:\Users\Nikola\AppData\Roaming\npm-cache\utf-8-validate\1.2.2\package.tgz
355 verbose tar unpacking to C:\Users\Nikola\WebstormProjects\mean-demo\node_modules\.staging\utf-8-validate-bf518a84
356 silly gentlyRm C:\Users\Nikola\WebstormProjects\mean-demo\node_modules\.staging\utf-8-validate-bf518a84 is being purged
357 verbose gentlyRm don't care about contents; nuking C:\Users\Nikola\WebstormProjects\mean-demo\node_modules\.staging\utf-8-validate-bf518a84
358 silly gunzTarPerm modes [ '777', '666' ]
359 silly gunzTarPerm modes [ '777', '666' ]
360 silly gunzTarPerm extractEntry package.json
361 silly gunzTarPerm modified mode [ 'package.json', 420, 438 ]
362 silly gunzTarPerm extractEntry package.json
363 silly gunzTarPerm modified mode [ 'package.json', 420, 438 ]
364 silly gunzTarPerm extractEntry package.json
365 silly gunzTarPerm modified mode [ 'package.json', 436, 438 ]
366 silly gunzTarPerm extractEntry package.json
367 silly gunzTarPerm modified mode [ 'package.json', 436, 438 ]
368 silly gunzTarPerm extractEntry package.json
369 silly gunzTarPerm modified mode [ 'package.json', 420, 438 ]
370 silly gunzTarPerm extractEntry README.md
371 silly gunzTarPerm modified mode [ 'README.md', 420, 438 ]
372 silly gunzTarPerm extractEntry bindings.js
373 silly gunzTarPerm modified mode [ 'bindings.js', 420, 438 ]
374 silly gunzTarPerm extractEntry .npmignore
375 silly gunzTarPerm modified mode [ '.npmignore', 420, 438 ]
376 silly gunzTarPerm extractEntry README.md
377 silly gunzTarPerm modified mode [ 'README.md', 420, 438 ]
378 silly gunzTarPerm extractEntry README.md
379 silly gunzTarPerm modified mode [ 'README.md', 436, 438 ]
380 silly gunzTarPerm extractEntry README.md
381 silly gunzTarPerm modified mode [ 'README.md', 436, 438 ]
382 silly gunzTarPerm extractEntry include_dirs.js
383 silly gunzTarPerm modified mode [ 'include_dirs.js', 436, 438 ]
384 silly gunzTarPerm extractEntry include_dirs.js
385 silly gunzTarPerm modified mode [ 'include_dirs.js', 436, 438 ]
386 silly gunzTarPerm extractEntry README.md
387 silly gunzTarPerm modified mode [ 'README.md', 420, 438 ]
388 silly gunzTarPerm extractEntry LICENSE
389 silly gunzTarPerm modified mode [ 'LICENSE', 420, 438 ]
390 silly gunzTarPerm extractEntry fallback.js
391 silly gunzTarPerm modified mode [ 'fallback.js', 420, 438 ]
392 silly gunzTarPerm extractEntry index.js
393 silly gunzTarPerm modified mode [ 'index.js', 420, 438 ]
394 silly gunzTarPerm extractEntry nan_callbacks_pre_12_inl.h
395 silly gunzTarPerm modified mode [ 'nan_callbacks_pre_12_inl.h', 436, 438 ]
396 silly gunzTarPerm extractEntry CHANGELOG.md
397 silly gunzTarPerm modified mode [ 'CHANGELOG.md', 436, 438 ]
398 silly gunzTarPerm extractEntry LICENSE.md
399 silly gunzTarPerm modified mode [ 'LICENSE.md', 436, 438 ]
400 silly gunzTarPerm extractEntry nan_converters.h
401 silly gunzTarPerm modified mode [ 'nan_converters.h', 436, 438 ]
402 silly gunzTarPerm extractEntry CHANGELOG.md
403 silly gunzTarPerm modified mode [ 'CHANGELOG.md', 436, 438 ]
404 silly gunzTarPerm extractEntry LICENSE.md
405 silly gunzTarPerm modified mode [ 'LICENSE.md', 436, 438 ]
406 silly gunzTarPerm extractEntry fallback.js
407 silly gunzTarPerm modified mode [ 'fallback.js', 420, 438 ]
408 silly gunzTarPerm extractEntry index.js
409 silly gunzTarPerm modified mode [ 'index.js', 420, 438 ]
410 silly gunzTarPerm extractEntry doc/node_misc.md
411 silly gunzTarPerm modified mode [ 'doc/node_misc.md', 436, 438 ]
412 silly gunzTarPerm extractEntry doc/node_misc.md
413 silly gunzTarPerm modified mode [ 'doc/node_misc.md', 436, 438 ]
414 silly gunzTarPerm extractEntry .travis.yml
415 silly gunzTarPerm modified mode [ '.travis.yml', 420, 438 ]
416 silly gunzTarPerm extractEntry binding.gyp
417 silly gunzTarPerm modified mode [ 'binding.gyp', 420, 438 ]
418 silly gunzTarPerm extractEntry binding.gyp
419 silly gunzTarPerm modified mode [ 'binding.gyp', 420, 438 ]
420 silly gunzTarPerm extractEntry src/validation.cc
421 silly gunzTarPerm modified mode [ 'src/validation.cc', 420, 438 ]
422 silly gunzTarPerm extractEntry doc/asyncworker.md
423 silly gunzTarPerm modified mode [ 'doc/asyncworker.md', 436, 438 ]
424 silly gunzTarPerm extractEntry doc/callback.md
425 silly gunzTarPerm modified mode [ 'doc/callback.md', 436, 438 ]
426 silly gunzTarPerm extractEntry doc/asyncworker.md
427 silly gunzTarPerm modified mode [ 'doc/asyncworker.md', 436, 438 ]
428 silly gunzTarPerm extractEntry doc/callback.md
429 silly gunzTarPerm modified mode [ 'doc/callback.md', 436, 438 ]
430 silly gunzTarPerm extractEntry src/bufferutil.cc
431 silly gunzTarPerm modified mode [ 'src/bufferutil.cc', 420, 438 ]
432 silly gunzTarPerm extractEntry doc/converters.md
433 silly gunzTarPerm modified mode [ 'doc/converters.md', 436, 438 ]
434 silly gunzTarPerm extractEntry doc/errors.md
435 silly gunzTarPerm modified mode [ 'doc/errors.md', 436, 438 ]
436 silly gunzTarPerm extractEntry doc/converters.md
437 silly gunzTarPerm modified mode [ 'doc/converters.md', 436, 438 ]
438 silly gunzTarPerm extractEntry doc/errors.md
439 silly gunzTarPerm modified mode [ 'doc/errors.md', 436, 438 ]
440 silly gunzTarPerm extractEntry doc/maybe_types.md
441 silly gunzTarPerm modified mode [ 'doc/maybe_types.md', 436, 438 ]
442 silly gunzTarPerm extractEntry doc/methods.md
443 silly gunzTarPerm modified mode [ 'doc/methods.md', 436, 438 ]
444 silly gunzTarPerm extractEntry doc/new.md
445 silly gunzTarPerm modified mode [ 'doc/new.md', 436, 438 ]
446 silly gunzTarPerm extractEntry doc/maybe_types.md
447 silly gunzTarPerm modified mode [ 'doc/maybe_types.md', 436, 438 ]
448 silly gunzTarPerm extractEntry doc/methods.md
449 silly gunzTarPerm modified mode [ 'doc/methods.md', 436, 438 ]
450 silly gentlyRm C:\Users\Nikola\WebstormProjects\mean-demo\node_modules\.staging\bindings-541b79a4\node_modules is being purged
451 verbose gentlyRm don't care about contents; nuking C:\Users\Nikola\WebstormProjects\mean-demo\node_modules\.staging\bindings-541b79a4\node_modules
452 silly gunzTarPerm extractEntry doc/new.md
453 silly gunzTarPerm modified mode [ 'doc/new.md', 436, 438 ]
454 silly gunzTarPerm extractEntry doc/buffers.md
455 silly gunzTarPerm modified mode [ 'doc/buffers.md', 436, 438 ]
456 silly gunzTarPerm extractEntry doc/buffers.md
457 silly gunzTarPerm modified mode [ 'doc/buffers.md', 436, 438 ]
458 silly gunzTarPerm extractEntry doc/object_wrappers.md
459 silly gunzTarPerm modified mode [ 'doc/object_wrappers.md', 436, 438 ]
460 silly gunzTarPerm extractEntry doc/object_wrappers.md
461 silly gunzTarPerm modified mode [ 'doc/object_wrappers.md', 436, 438 ]
462 silly gunzTarPerm extractEntry doc/persistent.md
463 silly gunzTarPerm modified mode [ 'doc/persistent.md', 436, 438 ]
464 silly gunzTarPerm extractEntry doc/persistent.md
465 silly gunzTarPerm modified mode [ 'doc/persistent.md', 436, 438 ]
466 silly gunzTarPerm extractEntry doc/scopes.md
467 silly gunzTarPerm modified mode [ 'doc/scopes.md', 436, 438 ]
468 silly gunzTarPerm extractEntry doc/scopes.md
469 silly gunzTarPerm modified mode [ 'doc/scopes.md', 436, 438 ]
470 silly gunzTarPerm extractEntry doc/script.md
471 silly gunzTarPerm modified mode [ 'doc/script.md', 436, 438 ]
472 silly gunzTarPerm extractEntry doc/string_bytes.md
473 silly gunzTarPerm modified mode [ 'doc/string_bytes.md', 436, 438 ]
474 silly gunzTarPerm extractEntry doc/v8_internals.md
475 silly gunzTarPerm modified mode [ 'doc/v8_internals.md', 436, 438 ]
476 silly gunzTarPerm extractEntry doc/v8_misc.md
477 silly gunzTarPerm modified mode [ 'doc/v8_misc.md', 436, 438 ]
478 silly gunzTarPerm extractEntry doc/script.md
479 silly gunzTarPerm modified mode [ 'doc/script.md', 436, 438 ]
480 silly gunzTarPerm extractEntry doc/string_bytes.md
481 silly gunzTarPerm modified mode [ 'doc/string_bytes.md', 436, 438 ]
482 silly gentlyRm C:\Users\Nikola\WebstormProjects\mean-demo\node_modules\.staging\utf-8-validate-bf518a84\node_modules is being purged
483 verbose gentlyRm don't care about contents; nuking C:\Users\Nikola\WebstormProjects\mean-demo\node_modules\.staging\utf-8-validate-bf518a84\node_modules
484 silly gentlyRm C:\Users\Nikola\WebstormProjects\mean-demo\node_modules\.staging\bufferutil-e8261601\node_modules is being purged
485 verbose gentlyRm don't care about contents; nuking C:\Users\Nikola\WebstormProjects\mean-demo\node_modules\.staging\bufferutil-e8261601\node_modules
486 silly gunzTarPerm extractEntry nan.h
487 silly gunzTarPerm modified mode [ 'nan.h', 436, 438 ]
488 silly gunzTarPerm extractEntry doc/v8_internals.md
489 silly gunzTarPerm modified mode [ 'doc/v8_internals.md', 436, 438 ]
490 silly gunzTarPerm extractEntry doc/v8_misc.md
491 silly gunzTarPerm modified mode [ 'doc/v8_misc.md', 436, 438 ]
492 silly gunzTarPerm extractEntry nan_callbacks.h
493 silly gunzTarPerm modified mode [ 'nan_callbacks.h', 436, 438 ]
494 silly gunzTarPerm extractEntry nan_callbacks_12_inl.h
495 silly gunzTarPerm modified mode [ 'nan_callbacks_12_inl.h', 436, 438 ]
496 silly gunzTarPerm extractEntry nan_callbacks_pre_12_inl.h
497 silly gunzTarPerm modified mode [ 'nan_callbacks_pre_12_inl.h', 436, 438 ]
498 silly gunzTarPerm extractEntry nan.h
499 silly gunzTarPerm modified mode [ 'nan.h', 436, 438 ]
500 silly gunzTarPerm extractEntry nan_callbacks.h
501 silly gunzTarPerm modified mode [ 'nan_callbacks.h', 436, 438 ]
502 silly gunzTarPerm extractEntry nan_converters_43_inl.h
503 silly gunzTarPerm modified mode [ 'nan_converters_43_inl.h', 436, 438 ]
504 silly gunzTarPerm extractEntry nan_converters_pre_43_inl.h
505 silly gunzTarPerm modified mode [ 'nan_converters_pre_43_inl.h', 436, 438 ]
506 silly gunzTarPerm extractEntry nan_implementation_12_inl.h
507 silly gunzTarPerm modified mode [ 'nan_implementation_12_inl.h', 436, 438 ]
508 silly gunzTarPerm extractEntry nan_callbacks_12_inl.h
509 silly gunzTarPerm modified mode [ 'nan_callbacks_12_inl.h', 436, 438 ]
510 silly gunzTarPerm extractEntry nan_converters.h
511 silly gunzTarPerm modified mode [ 'nan_converters.h', 436, 438 ]
512 silly gunzTarPerm extractEntry nan_converters_43_inl.h
513 silly gunzTarPerm modified mode [ 'nan_converters_43_inl.h', 436, 438 ]
514 silly gunzTarPerm extractEntry nan_converters_pre_43_inl.h
515 silly gunzTarPerm modified mode [ 'nan_converters_pre_43_inl.h', 436, 438 ]
516 silly gunzTarPerm extractEntry nan_implementation_pre_12_inl.h
517 silly gunzTarPerm modified mode [ 'nan_implementation_pre_12_inl.h', 436, 438 ]
518 silly gunzTarPerm extractEntry nan_maybe_43_inl.h
519 silly gunzTarPerm modified mode [ 'nan_maybe_43_inl.h', 436, 438 ]
520 silly gunzTarPerm extractEntry nan_maybe_pre_43_inl.h
521 silly gunzTarPerm modified mode [ 'nan_maybe_pre_43_inl.h', 436, 438 ]
522 silly gunzTarPerm extractEntry nan_new.h
523 silly gunzTarPerm modified mode [ 'nan_new.h', 436, 438 ]
524 silly gunzTarPerm extractEntry nan_implementation_12_inl.h
525 silly gunzTarPerm modified mode [ 'nan_implementation_12_inl.h', 436, 438 ]
526 silly gunzTarPerm extractEntry nan_implementation_pre_12_inl.h
527 silly gunzTarPerm modified mode [ 'nan_implementation_pre_12_inl.h', 436, 438 ]
528 silly gunzTarPerm extractEntry nan_maybe_43_inl.h
529 silly gunzTarPerm modified mode [ 'nan_maybe_43_inl.h', 436, 438 ]
530 silly gunzTarPerm extractEntry nan_maybe_pre_43_inl.h
531 silly gunzTarPerm modified mode [ 'nan_maybe_pre_43_inl.h', 436, 438 ]
532 silly gunzTarPerm extractEntry nan_object_wrap.h
533 silly gunzTarPerm modified mode [ 'nan_object_wrap.h', 436, 438 ]
534 silly gunzTarPerm extractEntry nan_new.h
535 silly gunzTarPerm modified mode [ 'nan_new.h', 436, 438 ]
536 silly gunzTarPerm extractEntry nan_object_wrap.h
537 silly gunzTarPerm modified mode [ 'nan_object_wrap.h', 436, 438 ]
538 silly gunzTarPerm extractEntry nan_persistent_12_inl.h
539 silly gunzTarPerm modified mode [ 'nan_persistent_12_inl.h', 436, 438 ]
540 silly gunzTarPerm extractEntry nan_persistent_pre_12_inl.h
541 silly gunzTarPerm modified mode [ 'nan_persistent_pre_12_inl.h', 436, 438 ]
542 silly gunzTarPerm extractEntry nan_private.h
543 silly gunzTarPerm modified mode [ 'nan_private.h', 436, 438 ]
544 silly gunzTarPerm extractEntry nan_string_bytes.h
545 silly gunzTarPerm modified mode [ 'nan_string_bytes.h', 436, 438 ]
546 silly gunzTarPerm extractEntry nan_persistent_12_inl.h
547 silly gunzTarPerm modified mode [ 'nan_persistent_12_inl.h', 436, 438 ]
548 silly gunzTarPerm extractEntry nan_persistent_pre_12_inl.h
549 silly gunzTarPerm modified mode [ 'nan_persistent_pre_12_inl.h', 436, 438 ]
550 silly gunzTarPerm extractEntry nan_typedarray_contents.h
551 silly gunzTarPerm modified mode [ 'nan_typedarray_contents.h', 436, 438 ]
552 silly gunzTarPerm extractEntry nan_weak.h
553 silly gunzTarPerm modified mode [ 'nan_weak.h', 436, 438 ]
554 silly gunzTarPerm extractEntry nan_string_bytes.h
555 silly gunzTarPerm modified mode [ 'nan_string_bytes.h', 436, 438 ]
556 silly gunzTarPerm extractEntry nan_typedarray_contents.h
557 silly gunzTarPerm modified mode [ 'nan_typedarray_contents.h', 436, 438 ]
558 silly gunzTarPerm extractEntry nan_weak.h
559 silly gunzTarPerm modified mode [ 'nan_weak.h', 436, 438 ]
560 silly gunzTarPerm extractEntry tools/package.json
561 silly gunzTarPerm modified mode [ 'tools/package.json', 436, 438 ]
562 silly gunzTarPerm extractEntry tools/package.json
563 silly gunzTarPerm modified mode [ 'tools/package.json', 436, 438 ]
564 silly gunzTarPerm extractEntry tools/README.md
565 silly gunzTarPerm modified mode [ 'tools/README.md', 436, 438 ]
566 silly gunzTarPerm extractEntry tools/1to2.js
567 silly gunzTarPerm modified mode [ 'tools/1to2.js', 509, 511 ]
568 silly gunzTarPerm extractEntry tools/README.md
569 silly gunzTarPerm modified mode [ 'tools/README.md', 436, 438 ]
570 silly gunzTarPerm extractEntry tools/1to2.js
571 silly gunzTarPerm modified mode [ 'tools/1to2.js', 509, 511 ]
572 silly gentlyRm C:\Users\Nikola\WebstormProjects\mean-demo\node_modules\.staging\nan-d8af2ee2\node_modules is being purged
573 verbose gentlyRm don't care about contents; nuking C:\Users\Nikola\WebstormProjects\mean-demo\node_modules\.staging\nan-d8af2ee2\node_modules
574 silly gentlyRm C:\Users\Nikola\WebstormProjects\mean-demo\node_modules\.staging\nan-fb51bd6a\node_modules is being purged
575 verbose gentlyRm don't care about contents; nuking C:\Users\Nikola\WebstormProjects\mean-demo\node_modules\.staging\nan-fb51bd6a\node_modules
576 silly doParallel preinstall 5
577 silly preinstall bindings@1.2.1 C:\Users\Nikola\WebstormProjects\mean-demo\node_modules\.staging\bindings-541b79a4
578 info lifecycle bindings@1.2.1~preinstall: bindings@1.2.1
579 silly preinstall nan@2.5.1 C:\Users\Nikola\WebstormProjects\mean-demo\node_modules\.staging\nan-fb51bd6a
580 info lifecycle nan@2.5.1~preinstall: nan@2.5.1
581 silly preinstall bufferutil@1.2.1 C:\Users\Nikola\WebstormProjects\mean-demo\node_modules\.staging\bufferutil-e8261601
582 info lifecycle bufferutil@1.2.1~preinstall: bufferutil@1.2.1
583 silly preinstall nan@2.4.0 C:\Users\Nikola\WebstormProjects\mean-demo\node_modules\.staging\nan-d8af2ee2
584 info lifecycle nan@2.4.0~preinstall: nan@2.4.0
585 silly preinstall utf-8-validate@1.2.2 C:\Users\Nikola\WebstormProjects\mean-demo\node_modules\.staging\utf-8-validate-bf518a84
586 info lifecycle utf-8-validate@1.2.2~preinstall: utf-8-validate@1.2.2
587 silly lifecycle bindings@1.2.1~preinstall: no script for preinstall, continuing
588 silly lifecycle nan@2.5.1~preinstall: no script for preinstall, continuing
589 silly lifecycle bufferutil@1.2.1~preinstall: no script for preinstall, continuing
590 silly lifecycle nan@2.4.0~preinstall: no script for preinstall, continuing
591 silly lifecycle utf-8-validate@1.2.2~preinstall: no script for preinstall, continuing
592 silly doReverseSerial remove 0
593 silly doSerial move 0
594 silly doSerial finalize 5
595 silly finalize C:\Users\Nikola\WebstormProjects\mean-demo\node_modules\bindings
596 silly finalize C:\Users\Nikola\WebstormProjects\mean-demo\node_modules\bufferutil\node_modules\nan
597 silly finalize C:\Users\Nikola\WebstormProjects\mean-demo\node_modules\bufferutil
598 silly finalize C:\Users\Nikola\WebstormProjects\mean-demo\node_modules\utf-8-validate\node_modules\nan
599 silly finalize C:\Users\Nikola\WebstormProjects\mean-demo\node_modules\utf-8-validate
600 silly doSerial build 5
601 silly build bindings@1.2.1
602 info linkStuff bindings@1.2.1
603 silly linkStuff bindings@1.2.1 has C:\Users\Nikola\WebstormProjects\mean-demo\node_modules as its parent node_modules
604 verbose linkBins bindings@1.2.1
605 verbose linkMans bindings@1.2.1
606 silly build nan@2.5.1
607 info linkStuff nan@2.5.1
608 silly linkStuff nan@2.5.1 has C:\Users\Nikola\WebstormProjects\mean-demo\node_modules\bufferutil\node_modules as its parent node_modules
609 verbose linkBins nan@2.5.1
610 verbose linkMans nan@2.5.1
611 silly build bufferutil@1.2.1
612 info linkStuff bufferutil@1.2.1
613 silly linkStuff bufferutil@1.2.1 has C:\Users\Nikola\WebstormProjects\mean-demo\node_modules as its parent node_modules
614 verbose linkBins bufferutil@1.2.1
615 verbose linkMans bufferutil@1.2.1
616 silly build nan@2.4.0
617 info linkStuff nan@2.4.0
618 silly linkStuff nan@2.4.0 has C:\Users\Nikola\WebstormProjects\mean-demo\node_modules\utf-8-validate\node_modules as its parent node_modules
619 verbose linkBins nan@2.4.0
620 verbose linkMans nan@2.4.0
621 silly build utf-8-validate@1.2.2
622 info linkStuff utf-8-validate@1.2.2
623 silly linkStuff utf-8-validate@1.2.2 has C:\Users\Nikola\WebstormProjects\mean-demo\node_modules as its parent node_modules
624 verbose linkBins utf-8-validate@1.2.2
625 verbose linkMans utf-8-validate@1.2.2
626 silly doSerial global-link 0
627 silly doParallel update-linked 0
628 silly doSerial install 5
629 silly install bindings@1.2.1 C:\Users\Nikola\WebstormProjects\mean-demo\node_modules\.staging\bindings-541b79a4
630 info lifecycle bindings@1.2.1~install: bindings@1.2.1
631 silly lifecycle bindings@1.2.1~install: no script for install, continuing
632 silly install nan@2.5.1 C:\Users\Nikola\WebstormProjects\mean-demo\node_modules\.staging\nan-fb51bd6a
633 info lifecycle nan@2.5.1~install: nan@2.5.1
634 silly lifecycle nan@2.5.1~install: no script for install, continuing
635 silly install bufferutil@1.2.1 C:\Users\Nikola\WebstormProjects\mean-demo\node_modules\.staging\bufferutil-e8261601
636 info lifecycle bufferutil@1.2.1~install: bufferutil@1.2.1
637 verbose lifecycle bufferutil@1.2.1~install: unsafe-perm in lifecycle true
638 verbose lifecycle bufferutil@1.2.1~install: PATH: C:\Program Files\nodejs\node_modules\npm\bin\node-gyp-bin;C:\Users\Nikola\WebstormProjects\mean-demo\node_modules\bufferutil\node_modules\.bin;C:\Users\Nikola\WebstormProjects\mean-demo\node_modules\.bin;C:\ProgramData\Oracle\Java\javapath;C:\Program Files (x86)\Common Files\Intel\Shared Files\cpp\bin\Intel64;C:\Program Files (x86)\Intel\iCLS Client\;C:\Program Files\Intel\iCLS Client\;C:\Windows\system32;C:\Windows;C:\Windows\System32\Wbem;C:\Windows\System32\WindowsPowerShell\v1.0\;C:\Program Files\FileBot\;C:\Program Files\Intel\WiFi\bin\;C:\Program Files\Common Files\Intel\WirelessCommon\;C:\Program Files (x86)\NVIDIA Corporation\PhysX\Common;C:\Program Files (x86)\Windows Kits\8.1\Windows Performance Toolkit\;C:\Program Files\Microsoft SQL Server\110\Tools\Binn\;C:\Program Files (x86)\Microsoft SDKs\TypeScript\1.0\;C:\Program Files\Microsoft SQL Server\120\Tools\Binn\;C:\Program Files (x86)\Calibre2\;C:\WINDOWS\system32;C:\WINDOWS;C:\WINDOWS\System32\Wbem;C:\WINDOWS\System32\WindowsPowerShell\v1.0\;C:\Program Files (x86)\Skype\Phone\;C:\Program Files\Git\cmd;C:\WINDOWS\system32\config\systemprofile\.dnx\bin;C:\Program Files\Microsoft DNX\Dnvm\;C:\Program Files\Microsoft SQL Server\130\Tools\Binn\;C:\Program Files\TortoiseGit\bin;C:\Program Files\nodejs\;C:\Program Files (x86)\PuTTY\;C:\Program Files\Intel\WiFi\bin\;C:\Program Files\Common Files\Intel\WirelessCommon\;C:\xampp\php;C:\Users\Nikola\AppData\Roaming\npm;C:\Program Files\nodejs
639 verbose lifecycle bufferutil@1.2.1~install: CWD: C:\Users\Nikola\WebstormProjects\mean-demo\node_modules\bufferutil
640 silly lifecycle bufferutil@1.2.1~install: Args: [ '/d /s /c', 'node-gyp rebuild' ]
641 silly lifecycle bufferutil@1.2.1~install: Returned: code: 1  signal: null
642 info lifecycle bufferutil@1.2.1~install: Failed to exec install script
643 silly install nan@2.4.0 C:\Users\Nikola\WebstormProjects\mean-demo\node_modules\.staging\nan-d8af2ee2
644 info lifecycle nan@2.4.0~install: nan@2.4.0
645 silly lifecycle nan@2.4.0~install: no script for install, continuing
646 silly install utf-8-validate@1.2.2 C:\Users\Nikola\WebstormProjects\mean-demo\node_modules\.staging\utf-8-validate-bf518a84
647 info lifecycle utf-8-validate@1.2.2~install: utf-8-validate@1.2.2
648 verbose lifecycle utf-8-validate@1.2.2~install: unsafe-perm in lifecycle true
649 verbose lifecycle utf-8-validate@1.2.2~install: PATH: C:\Program Files\nodejs\node_modules\npm\bin\node-gyp-bin;C:\Users\Nikola\WebstormProjects\mean-demo\node_modules\utf-8-validate\node_modules\.bin;C:\Users\Nikola\WebstormProjects\mean-demo\node_modules\.bin;C:\ProgramData\Oracle\Java\javapath;C:\Program Files (x86)\Common Files\Intel\Shared Files\cpp\bin\Intel64;C:\Program Files (x86)\Intel\iCLS Client\;C:\Program Files\Intel\iCLS Client\;C:\Windows\system32;C:\Windows;C:\Windows\System32\Wbem;C:\Windows\System32\WindowsPowerShell\v1.0\;C:\Program Files\FileBot\;C:\Program Files\Intel\WiFi\bin\;C:\Program Files\Common Files\Intel\WirelessCommon\;C:\Program Files (x86)\NVIDIA Corporation\PhysX\Common;C:\Program Files (x86)\Windows Kits\8.1\Windows Performance Toolkit\;C:\Program Files\Microsoft SQL Server\110\Tools\Binn\;C:\Program Files (x86)\Microsoft SDKs\TypeScript\1.0\;C:\Program Files\Microsoft SQL Server\120\Tools\Binn\;C:\Program Files (x86)\Calibre2\;C:\WINDOWS\system32;C:\WINDOWS;C:\WINDOWS\System32\Wbem;C:\WINDOWS\System32\WindowsPowerShell\v1.0\;C:\Program Files (x86)\Skype\Phone\;C:\Program Files\Git\cmd;C:\WINDOWS\system32\config\systemprofile\.dnx\bin;C:\Program Files\Microsoft DNX\Dnvm\;C:\Program Files\Microsoft SQL Server\130\Tools\Binn\;C:\Program Files\TortoiseGit\bin;C:\Program Files\nodejs\;C:\Program Files (x86)\PuTTY\;C:\Program Files\Intel\WiFi\bin\;C:\Program Files\Common Files\Intel\WirelessCommon\;C:\xampp\php;C:\Users\Nikola\AppData\Roaming\npm;C:\Program Files\nodejs
650 verbose lifecycle utf-8-validate@1.2.2~install: CWD: C:\Users\Nikola\WebstormProjects\mean-demo\node_modules\utf-8-validate
651 silly lifecycle utf-8-validate@1.2.2~install: Args: [ '/d /s /c', 'node-gyp rebuild' ]
652 silly lifecycle utf-8-validate@1.2.2~install: Returned: code: 1  signal: null
653 info lifecycle utf-8-validate@1.2.2~install: Failed to exec install script
654 silly doSerial postinstall 5
655 verbose unlock done using C:\Users\Nikola\AppData\Roaming\npm-cache\_locks\staging-4843eb71ec0b3571.lock for C:\Users\Nikola\WebstormProjects\mean-demo\node_modules\.staging
656 silly executeActions Finishing
657 silly rollbackFailedOptional Starting
658 silly rollbackFailedOptional Finishing
659 silly install runPostinstallTopLevelLifecycles
660 silly build angular-material-seed@0.0.1
661 info linkStuff angular-material-seed@0.0.1
662 silly linkStuff angular-material-seed@0.0.1 has C:\Users\Nikola\WebstormProjects as its parent node_modules
663 verbose linkBins angular-material-seed@0.0.1
664 verbose linkMans angular-material-seed@0.0.1
665 silly install angular-material-seed@0.0.1 C:\Users\Nikola\WebstormProjects\mean-demo\angular-material-seed-8a60e81e
666 info lifecycle angular-material-seed@0.0.1~install: angular-material-seed@0.0.1
667 silly lifecycle angular-material-seed@0.0.1~install: no script for install, continuing
668 silly postinstall angular-material-seed@0.0.1 C:\Users\Nikola\WebstormProjects\mean-demo\angular-material-seed-8a60e81e
669 info lifecycle angular-material-seed@0.0.1~postinstall: angular-material-seed@0.0.1
670 verbose lifecycle angular-material-seed@0.0.1~postinstall: unsafe-perm in lifecycle true
671 verbose lifecycle angular-material-seed@0.0.1~postinstall: PATH: C:\Program Files\nodejs\node_modules\npm\bin\node-gyp-bin;C:\Users\Nikola\WebstormProjects\mean-demo\node_modules\.bin;C:\ProgramData\Oracle\Java\javapath;C:\Program Files (x86)\Common Files\Intel\Shared Files\cpp\bin\Intel64;C:\Program Files (x86)\Intel\iCLS Client\;C:\Program Files\Intel\iCLS Client\;C:\Windows\system32;C:\Windows;C:\Windows\System32\Wbem;C:\Windows\System32\WindowsPowerShell\v1.0\;C:\Program Files\FileBot\;C:\Program Files\Intel\WiFi\bin\;C:\Program Files\Common Files\Intel\WirelessCommon\;C:\Program Files (x86)\NVIDIA Corporation\PhysX\Common;C:\Program Files (x86)\Windows Kits\8.1\Windows Performance Toolkit\;C:\Program Files\Microsoft SQL Server\110\Tools\Binn\;C:\Program Files (x86)\Microsoft SDKs\TypeScript\1.0\;C:\Program Files\Microsoft SQL Server\120\Tools\Binn\;C:\Program Files (x86)\Calibre2\;C:\WINDOWS\system32;C:\WINDOWS;C:\WINDOWS\System32\Wbem;C:\WINDOWS\System32\WindowsPowerShell\v1.0\;C:\Program Files (x86)\Skype\Phone\;C:\Program Files\Git\cmd;C:\WINDOWS\system32\config\systemprofile\.dnx\bin;C:\Program Files\Microsoft DNX\Dnvm\;C:\Program Files\Microsoft SQL Server\130\Tools\Binn\;C:\Program Files\TortoiseGit\bin;C:\Program Files\nodejs\;C:\Program Files (x86)\PuTTY\;C:\Program Files\Intel\WiFi\bin\;C:\Program Files\Common Files\Intel\WirelessCommon\;C:\xampp\php;C:\Users\Nikola\AppData\Roaming\npm;C:\Program Files\nodejs
672 verbose lifecycle angular-material-seed@0.0.1~postinstall: CWD: C:\Users\Nikola\WebstormProjects\mean-demo
673 silly lifecycle angular-material-seed@0.0.1~postinstall: Args: [ '/d /s /c', 'bower update' ]
674 silly lifecycle angular-material-seed@0.0.1~postinstall: Returned: code: 1  signal: null
675 info lifecycle angular-material-seed@0.0.1~postinstall: Failed to exec postinstall script
676 warn optional SKIPPING OPTIONAL DEPENDENCY: fsevents@github:pipobscure/fsevents#7dcdf9fa3f8956610fd6f69f72c67bace2de7138 (node_modules\chokidar\node_modules\fsevents):
677 warn notsup SKIPPING OPTIONAL DEPENDENCY: Unsupported platform for fsevents@0.2.1: wanted {"os":"darwin","arch":"any"} (current: {"os":"win32","arch":"x64"})
678 verbose notsup SKIPPING OPTIONAL DEPENDENCY: Valid OS:    darwin
678 verbose notsup SKIPPING OPTIONAL DEPENDENCY: Valid Arch:  any
678 verbose notsup SKIPPING OPTIONAL DEPENDENCY: Actual OS:   win32
678 verbose notsup SKIPPING OPTIONAL DEPENDENCY: Actual Arch: x64
679 warn karma@0.10.10 requires a peer of karma-jasmine@~0.1.0 but none was installed.
680 verbose If you need help, you may report this error at:
680 verbose     <https://github.com/npm/npm/issues>
681 warn karma@0.10.10 requires a peer of karma-requirejs@~0.2.0 but none was installed.
682 verbose If you need help, you may report this error at:
682 verbose     <https://github.com/npm/npm/issues>
683 warn karma@0.10.10 requires a peer of karma-coffee-preprocessor@~0.1.0 but none was installed.
684 verbose If you need help, you may report this error at:
684 verbose     <https://github.com/npm/npm/issues>
685 warn karma@0.10.10 requires a peer of karma-html2js-preprocessor@~0.1.0 but none was installed.
686 verbose If you need help, you may report this error at:
686 verbose     <https://github.com/npm/npm/issues>
687 warn karma@0.10.10 requires a peer of karma-chrome-launcher@~0.1.0 but none was installed.
688 verbose If you need help, you may report this error at:
688 verbose     <https://github.com/npm/npm/issues>
689 warn karma@0.10.10 requires a peer of karma-firefox-launcher@~0.1.0 but none was installed.
690 verbose If you need help, you may report this error at:
690 verbose     <https://github.com/npm/npm/issues>
691 warn karma@0.10.10 requires a peer of karma-phantomjs-launcher@~0.1.0 but none was installed.
692 verbose If you need help, you may report this error at:
692 verbose     <https://github.com/npm/npm/issues>
693 warn karma@0.10.10 requires a peer of karma-script-launcher@~0.1.0 but none was installed.
694 verbose If you need help, you may report this error at:
694 verbose     <https://github.com/npm/npm/issues>
695 warn optional SKIPPING OPTIONAL DEPENDENCY: bufferutil@1.2.1 (node_modules\bufferutil):
696 warn optional SKIPPING OPTIONAL DEPENDENCY: bufferutil@1.2.1 install: `node-gyp rebuild`
696 warn optional SKIPPING OPTIONAL DEPENDENCY: Exit status 1
697 verbose optional SKIPPING OPTIONAL DEPENDENCY:
697 verbose optional Failed at the bufferutil@1.2.1 install script 'node-gyp rebuild'.
697 verbose optional SKIPPING OPTIONAL DEPENDENCY: Make sure you have the latest version of node.js and npm installed.
697 verbose optional SKIPPING OPTIONAL DEPENDENCY: If you do, this is most likely a problem with the bufferutil package,
697 verbose optional SKIPPING OPTIONAL DEPENDENCY: not with npm itself.
697 verbose optional SKIPPING OPTIONAL DEPENDENCY: Tell the author that this fails on your system:
697 verbose optional SKIPPING OPTIONAL DEPENDENCY:     node-gyp rebuild
697 verbose optional SKIPPING OPTIONAL DEPENDENCY: You can get information on how to open an issue for this project with:
697 verbose optional SKIPPING OPTIONAL DEPENDENCY:     npm bugs bufferutil
697 verbose optional SKIPPING OPTIONAL DEPENDENCY: Or if that isn't available, you can get their info via:
697 verbose optional SKIPPING OPTIONAL DEPENDENCY:     npm owner ls bufferutil
697 verbose optional SKIPPING OPTIONAL DEPENDENCY: There is likely additional logging output above.
698 warn optional SKIPPING OPTIONAL DEPENDENCY: utf-8-validate@1.2.2 (node_modules\utf-8-validate):
699 warn optional SKIPPING OPTIONAL DEPENDENCY: utf-8-validate@1.2.2 install: `node-gyp rebuild`
699 warn optional SKIPPING OPTIONAL DEPENDENCY: Exit status 1
700 verbose optional SKIPPING OPTIONAL DEPENDENCY:
700 verbose optional Failed at the utf-8-validate@1.2.2 install script 'node-gyp rebuild'.
700 verbose optional SKIPPING OPTIONAL DEPENDENCY: Make sure you have the latest version of node.js and npm installed.
700 verbose optional SKIPPING OPTIONAL DEPENDENCY: If you do, this is most likely a problem with the utf-8-validate package,
700 verbose optional SKIPPING OPTIONAL DEPENDENCY: not with npm itself.
700 verbose optional SKIPPING OPTIONAL DEPENDENCY: Tell the author that this fails on your system:
700 verbose optional SKIPPING OPTIONAL DEPENDENCY:     node-gyp rebuild
700 verbose optional SKIPPING OPTIONAL DEPENDENCY: You can get information on how to open an issue for this project with:
700 verbose optional SKIPPING OPTIONAL DEPENDENCY:     npm bugs utf-8-validate
700 verbose optional SKIPPING OPTIONAL DEPENDENCY: Or if that isn't available, you can get their info via:
700 verbose optional SKIPPING OPTIONAL DEPENDENCY:     npm owner ls utf-8-validate
700 verbose optional SKIPPING OPTIONAL DEPENDENCY: There is likely additional logging output above.
701 verbose stack Error: angular-material-seed@0.0.1 postinstall: `bower update`
701 verbose stack Exit status 1
701 verbose stack     at EventEmitter.<anonymous> (C:\Program Files\nodejs\node_modules\npm\lib\utils\lifecycle.js:255:16)
701 verbose stack     at emitTwo (events.js:106:13)
701 verbose stack     at EventEmitter.emit (events.js:191:7)
701 verbose stack     at ChildProcess.<anonymous> (C:\Program Files\nodejs\node_modules\npm\lib\utils\spawn.js:40:14)
701 verbose stack     at emitTwo (events.js:106:13)
701 verbose stack     at ChildProcess.emit (events.js:191:7)
701 verbose stack     at maybeClose (internal/child_process.js:877:16)
701 verbose stack     at Process.ChildProcess._handle.onexit (internal/child_process.js:226:5)
702 verbose pkgid angular-material-seed@0.0.1
703 verbose cwd C:\Users\Nikola\WebstormProjects\mean-demo
704 error Windows_NT 10.0.10586
705 error argv "C:\\Program Files\\nodejs\\node.exe" "C:\\Program Files\\nodejs\\node_modules\\npm\\bin\\npm-cli.js" "install"
706 error node v6.9.4
707 error npm  v3.10.10
708 error code ELIFECYCLE
709 error angular-material-seed@0.0.1 postinstall: `bower update`
709 error Exit status 1
710 error Failed at the angular-material-seed@0.0.1 postinstall script 'bower update'.
710 error Make sure you have the latest version of node.js and npm installed.
710 error If you do, this is most likely a problem with the angular-material-seed package,
710 error not with npm itself.
710 error Tell the author that this fails on your system:
710 error     bower update
710 error You can get information on how to open an issue for this project with:
710 error     npm bugs angular-material-seed
710 error Or if that isn't available, you can get their info via:
710 error     npm owner ls angular-material-seed
710 error There is likely additional logging output above.
711 verbose exit [ 1, true ]
